{"name": "test_perform_actions_team", "status": "broken", "statusDetails": {"message": "selenium.common.exceptions.NoSuchElementException: Message: no such element: Unable to locate element: {\"method\":\"xpath\",\"selector\":\"//dropdown-menu-item//label[@for='F\nMEmber five']\"}\n  (Session info: chrome=120.0.6099.225); For documentation on this error, please visit: https://www.selenium.dev/documentation/webdriver/troubleshooting/errors#no-such-element-exception\nStacktrace:\n\tGetHandleVerifier [0x00007FF6AF002142+3514994]\n\t(No symbol) [0x00007FF6AEC20CE2]\n\t(No symbol) [0x00007FF6AEAC76AA]\n\t(No symbol) [0x00007FF6AEB11860]\n\t(No symbol) [0x00007FF6AEB1197C]\n\t(No symbol) [0x00007FF6AEB54EE7]\n\t(No symbol) [0x00007FF6AEB3602F]\n\t(No symbol) [0x00007FF6AEB528F6]\n\t(No symbol) [0x00007FF6AEB35D93]\n\t(No symbol) [0x00007FF6AEB04BDC]\n\t(No symbol) [0x00007FF6AEB05C64]\n\tGetHandleVerifier [0x00007FF6AF02E16B+3695259]\n\tGetHandleVerifier [0x00007FF6AF086737+4057191]\n\tGetHandleVerifier [0x00007FF6AF07E4E3+4023827]\n\tGetHandleVerifier [0x00007FF6AED504F9+689705]\n\t(No symbol) [0x00007FF6AEC2C048]\n\t(No symbol) [0x00007FF6AEC28044]\n\t(No symbol) [0x00007FF6AEC281C9]\n\t(No symbol) [0x00007FF6AEC188C4]\n\tBaseThreadInitThunk [0x00007FFAF31D7344+20]\n\tRtlUserThreadStart [0x00007FFAF42A26B1+33]", "trace": "self = <testCases.test_teams.TestTeam object at 0x00000161BEC10520>, setup = <selenium.webdriver.chrome.webdriver.WebDriver (session=\"45f68ced41cadfbefea37959e2ed48d8\")>\n\n    @allure.feature('Inviting team members to already created teams')\n    @allure.feature('Verify that a team members are invited successfully')\n    def test_perform_actions_team(self, setup):\n        self.driver = setup\n        self.tp = TeamPage(self.driver)\n        self.random_team_name = self.bp.generate_random_name()\n        self.tp.click_subheading_teams()\n    \n        self.tp.click_drpdwn_for_first_team()\n        self.logger.info(\"__Three dot menu of First team is selected\")\n        self.tp.click_edit_team()\n        self.logger.info(\"__Clicked on edit team\")\n        self.tp.change_team_name(self.random_team_name)\n        self.logger.info(\"__Team name is changed\")\n        self.tp.select_members_drpdown()\n        self.logger.info(\"__Clicked on the member dropdown\")\n>       self.tp.modify_dropdown_elements()\n\ntestCases\\test_teams.py:170: \n_ _ _ _ _ _ _ _ _ _ _ _ _ _ _ _ _ _ _ _ _ _ _ _ _ _ _ _ _ _ _ _ _ _ _ _ _ _ _ _ _ _ _ _ _ _ _ _ _ _ _ _ _ _ _ _ _ _ _ _ _ _ _ _ _ _ _ _ _ _ _ _ _ _ _ _ _ _ _ _ _ _ _ _ _ _ _ _ _ _ _ _ _ _ _ _ _ _ _ _ _ _ _ _ _ _ _ _ _ _ _ _ _ _\npageObjects\\teams_page.py:124: in modify_dropdown_elements\n    check_element = self.driver.find_element(By.XPATH, f\"//dropdown-menu-item//label[@for='{text}']\")\nlocal\\lib\\site-packages\\selenium\\webdriver\\remote\\webdriver.py:741: in find_element\n    return self.execute(Command.FIND_ELEMENT, {\"using\": by, \"value\": value})[\"value\"]\nlocal\\lib\\site-packages\\selenium\\webdriver\\remote\\webdriver.py:347: in execute\n    self.error_handler.check_response(response)\n_ _ _ _ _ _ _ _ _ _ _ _ _ _ _ _ _ _ _ _ _ _ _ _ _ _ _ _ _ _ _ _ _ _ _ _ _ _ _ _ _ _ _ _ _ _ _ _ _ _ _ _ _ _ _ _ _ _ _ _ _ _ _ _ _ _ _ _ _ _ _ _ _ _ _ _ _ _ _ _ _ _ _ _ _ _ _ _ _ _ _ _ _ _ _ _ _ _ _ _ _ _ _ _ _ _ _ _ _ _ _ _ _ _\n\nself = <selenium.webdriver.remote.errorhandler.ErrorHandler object at 0x00000161BEC79FF0>\nresponse = {'status': 404, 'value': '{\"value\":{\"error\":\"no such element\",\"message\":\"no such element: Unable to locate element: {\\...07FF6AEC188C4]\\\\n\\\\tBaseThreadInitThunk [0x00007FFAF31D7344+20]\\\\n\\\\tRtlUserThreadStart [0x00007FFAF42A26B1+33]\\\\n\"}}'}\n\n    def check_response(self, response: Dict[str, Any]) -> None:\n        \"\"\"Checks that a JSON response from the WebDriver does not have an\n        error.\n    \n        :Args:\n         - response - The JSON response from the WebDriver server as a dictionary\n           object.\n    \n        :Raises: If the response contains an error message.\n        \"\"\"\n        status = response.get(\"status\", None)\n        if not status or status == ErrorCode.SUCCESS:\n            return\n        value = None\n        message = response.get(\"message\", \"\")\n        screen: str = response.get(\"screen\", \"\")\n        stacktrace = None\n        if isinstance(status, int):\n            value_json = response.get(\"value\", None)\n            if value_json and isinstance(value_json, str):\n                import json\n    \n                try:\n                    value = json.loads(value_json)\n                    if len(value) == 1:\n                        value = value[\"value\"]\n                    status = value.get(\"error\", None)\n                    if not status:\n                        status = value.get(\"status\", ErrorCode.UNKNOWN_ERROR)\n                        message = value.get(\"value\") or value.get(\"message\")\n                        if not isinstance(message, str):\n                            value = message\n                            message = message.get(\"message\")\n                    else:\n                        message = value.get(\"message\", None)\n                except ValueError:\n                    pass\n    \n        exception_class: Type[WebDriverException]\n        e = ErrorCode()\n        error_codes = [item for item in dir(e) if not item.startswith(\"__\")]\n        for error_code in error_codes:\n            error_info = getattr(ErrorCode, error_code)\n            if isinstance(error_info, list) and status in error_info:\n                exception_class = getattr(ExceptionMapping, error_code, WebDriverException)\n                break\n        else:\n            exception_class = WebDriverException\n    \n        if not value:\n            value = response[\"value\"]\n        if isinstance(value, str):\n            raise exception_class(value)\n        if message == \"\" and \"message\" in value:\n            message = value[\"message\"]\n    \n        screen = None  # type: ignore[assignment]\n        if \"screen\" in value:\n            screen = value[\"screen\"]\n    \n        stacktrace = None\n        st_value = value.get(\"stackTrace\") or value.get(\"stacktrace\")\n        if st_value:\n            if isinstance(st_value, str):\n                stacktrace = st_value.split(\"\\n\")\n            else:\n                stacktrace = []\n                try:\n                    for frame in st_value:\n                        line = frame.get(\"lineNumber\", \"\")\n                        file = frame.get(\"fileName\", \"<anonymous>\")\n                        if line:\n                            file = f\"{file}:{line}\"\n                        meth = frame.get(\"methodName\", \"<anonymous>\")\n                        if \"className\" in frame:\n                            meth = f\"{frame['className']}.{meth}\"\n                        msg = \"    at %s (%s)\"\n                        msg = msg % (meth, file)\n                        stacktrace.append(msg)\n                except TypeError:\n                    pass\n        if exception_class == UnexpectedAlertPresentException:\n            alert_text = None\n            if \"data\" in value:\n                alert_text = value[\"data\"].get(\"text\")\n            elif \"alert\" in value:\n                alert_text = value[\"alert\"].get(\"text\")\n            raise exception_class(message, screen, stacktrace, alert_text)  # type: ignore[call-arg]  # mypy is not smart enough here\n>       raise exception_class(message, screen, stacktrace)\nE       selenium.common.exceptions.NoSuchElementException: Message: no such element: Unable to locate element: {\"method\":\"xpath\",\"selector\":\"//dropdown-menu-item//label[@for='F\nE       MEmber five']\"}\nE         (Session info: chrome=120.0.6099.225); For documentation on this error, please visit: https://www.selenium.dev/documentation/webdriver/troubleshooting/errors#no-such-element-exception\nE       Stacktrace:\nE       \tGetHandleVerifier [0x00007FF6AF002142+3514994]\nE       \t(No symbol) [0x00007FF6AEC20CE2]\nE       \t(No symbol) [0x00007FF6AEAC76AA]\nE       \t(No symbol) [0x00007FF6AEB11860]\nE       \t(No symbol) [0x00007FF6AEB1197C]\nE       \t(No symbol) [0x00007FF6AEB54EE7]\nE       \t(No symbol) [0x00007FF6AEB3602F]\nE       \t(No symbol) [0x00007FF6AEB528F6]\nE       \t(No symbol) [0x00007FF6AEB35D93]\nE       \t(No symbol) [0x00007FF6AEB04BDC]\nE       \t(No symbol) [0x00007FF6AEB05C64]\nE       \tGetHandleVerifier [0x00007FF6AF02E16B+3695259]\nE       \tGetHandleVerifier [0x00007FF6AF086737+4057191]\nE       \tGetHandleVerifier [0x00007FF6AF07E4E3+4023827]\nE       \tGetHandleVerifier [0x00007FF6AED504F9+689705]\nE       \t(No symbol) [0x00007FF6AEC2C048]\nE       \t(No symbol) [0x00007FF6AEC28044]\nE       \t(No symbol) [0x00007FF6AEC281C9]\nE       \t(No symbol) [0x00007FF6AEC188C4]\nE       \tBaseThreadInitThunk [0x00007FFAF31D7344+20]\nE       \tRtlUserThreadStart [0x00007FFAF42A26B1+33]\n\nlocal\\lib\\site-packages\\selenium\\webdriver\\remote\\errorhandler.py:229: NoSuchElementException"}, "attachments": [{"name": "log", "source": "7532bfe0-46d1-4c59-a4d5-b5728400d9ce-attachment.txt", "type": "text/plain"}, {"name": "stderr", "source": "f8d50ee2-ab51-4907-802e-e6ba23c72b7b-attachment.txt", "type": "text/plain"}], "start": 1706091198629, "stop": 1706091210605, "uuid": "0f503ff8-ffdf-47b1-976a-dd75918ba7bf", "historyId": "f3f803fdf071caa3fe530c16e2caedf4", "testCaseId": "f3f803fdf071caa3fe530c16e2caedf4", "fullName": "testCases.test_teams.TestTeam#test_perform_actions_team", "labels": [{"name": "feature", "value": "Verify that a team members are invited successfully"}, {"name": "feature", "value": "Inviting team members to already created teams"}, {"name": "parentSuite", "value": "testCases"}, {"name": "suite", "value": "test_teams"}, {"name": "subSuite", "value": "TestTeam"}, {"name": "host", "value": "DESKTOP-KARQK2V"}, {"name": "thread", "value": "14544-MainThread"}, {"name": "framework", "value": "pytest"}, {"name": "language", "value": "cpython3"}, {"name": "package", "value": "testCases.test_teams"}]}