{"name": "test_one", "status": "broken", "statusDetails": {"message": "selenium.common.exceptions.TimeoutException: Message: \nStacktrace:\n\tGetHandleVerifier [0x00007FF63F732142+3514994]\n\t(No symbol) [0x00007FF63F350CE2]\n\t(No symbol) [0x00007FF63F1F76AA]\n\t(No symbol) [0x00007FF63F241860]\n\t(No symbol) [0x00007FF63F24197C]\n\t(No symbol) [0x00007FF63F284EE7]\n\t(No symbol) [0x00007FF63F26602F]\n\t(No symbol) [0x00007FF63F2828F6]\n\t(No symbol) [0x00007FF63F265D93]\n\t(No symbol) [0x00007FF63F234BDC]\n\t(No symbol) [0x00007FF63F235C64]\n\tGetHandleVerifier [0x00007FF63F75E16B+3695259]\n\tGetHandleVerifier [0x00007FF63F7B6737+4057191]\n\tGetHandleVerifier [0x00007FF63F7AE4E3+4023827]\n\tGetHandleVerifier [0x00007FF63F4804F9+689705]\n\t(No symbol) [0x00007FF63F35C048]\n\t(No symbol) [0x00007FF63F358044]\n\t(No symbol) [0x00007FF63F3581C9]\n\t(No symbol) [0x00007FF63F3488C4]\n\tBaseThreadInitThunk [0x00007FFAF31D7344+20]\n\tRtlUserThreadStart [0x00007FFAF42A26B1+33]", "trace": "self = <testCases.test_phone.TestPhone object at 0x000001C044CEF490>, setup = <selenium.webdriver.chrome.webdriver.WebDriver (session=\"8237ca3f77fe82f40c9050ada2203e0b\")>\n\n    def test_one(self, setup):\n        self.driver = setup\n        self.pp = PhonePage(self.driver)\n        self.tp = TeamPage(self.driver)\n        self.sp = SignInPage(self.driver)\n        self.driver.get(self.baseURL)\n        self.driver.maximize_window()\n        self.sp.send_phone(\"+234 1234567890\")\n        self.sp.send_password(\"OhMG@123\")\n        self.sp.click_sign_in_btn()\n        self.logger.info(\"__Successful login\")\n        self.pp.click_heading()\n        self.pp.click_three_dot_menu()\n        self.pp.click_assign_to()\n        self.pp.select_members_to_assign()\n        self.pp.click_assign_button()\n        self.pp.click_three_dot_menu()\n        self.pp.update_forwarding()\n        self.pp.click_drpdown_forward_call_to()\n        time.sleep(3)\n        self.pp.forward_call_to_team()\n        time.sleep(3)\n        self.pp.select_drpdown_team_for_forwarding()\n        time.sleep(3)\n>       self.pp.select_team()\n\ntestCases\\test_phone.py:45: \n_ _ _ _ _ _ _ _ _ _ _ _ _ _ _ _ _ _ _ _ _ _ _ _ _ _ _ _ _ _ _ _ _ _ _ _ _ _ _ _ _ _ _ _ _ _ _ _ _ _ _ _ _ _ _ _ _ _ _ _ _ _ _ _ _ _ _ _ _ _ _ _ _ _ _ _ _ _ _ _ _ _ _ _ _ _ _ _ _ _ _ _ _ _ _ _ _ _ _ _ _ _ _ _ _ _ _ _ _ _ _ _ _\npageObjects\\phone_page.py:39: in select_team\n    self.click_element('XPATH', self.ppl.select_team_xpath)\npageObjects\\base_page.py:57: in click_element\n    element = WebDriverWait(self.driver, timeout).until(\n_ _ _ _ _ _ _ _ _ _ _ _ _ _ _ _ _ _ _ _ _ _ _ _ _ _ _ _ _ _ _ _ _ _ _ _ _ _ _ _ _ _ _ _ _ _ _ _ _ _ _ _ _ _ _ _ _ _ _ _ _ _ _ _ _ _ _ _ _ _ _ _ _ _ _ _ _ _ _ _ _ _ _ _ _ _ _ _ _ _ _ _ _ _ _ _ _ _ _ _ _ _ _ _ _ _ _ _ _ _ _ _ _\n\nself = <selenium.webdriver.support.wait.WebDriverWait (session=\"8237ca3f77fe82f40c9050ada2203e0b\")>, method = <function element_to_be_clickable.<locals>._predicate at 0x000001C0454EB2E0>, message = ''\n\n    def until(self, method: Callable[[WebDriver], Union[Literal[False], T]], message: str = \"\") -> T:\n        \"\"\"Calls the method provided with the driver as an argument until the \\\n        return value does not evaluate to ``False``.\n    \n        :param method: callable(WebDriver)\n        :param message: optional message for :exc:`TimeoutException`\n        :returns: the result of the last call to `method`\n        :raises: :exc:`selenium.common.exceptions.TimeoutException` if timeout occurs\n        \"\"\"\n        screen = None\n        stacktrace = None\n    \n        end_time = time.monotonic() + self._timeout\n        while True:\n            try:\n                value = method(self._driver)\n                if value:\n                    return value\n            except self._ignored_exceptions as exc:\n                screen = getattr(exc, \"screen\", None)\n                stacktrace = getattr(exc, \"stacktrace\", None)\n            time.sleep(self._poll)\n            if time.monotonic() > end_time:\n                break\n>       raise TimeoutException(message, screen, stacktrace)\nE       selenium.common.exceptions.TimeoutException: Message: \nE       Stacktrace:\nE       \tGetHandleVerifier [0x00007FF63F732142+3514994]\nE       \t(No symbol) [0x00007FF63F350CE2]\nE       \t(No symbol) [0x00007FF63F1F76AA]\nE       \t(No symbol) [0x00007FF63F241860]\nE       \t(No symbol) [0x00007FF63F24197C]\nE       \t(No symbol) [0x00007FF63F284EE7]\nE       \t(No symbol) [0x00007FF63F26602F]\nE       \t(No symbol) [0x00007FF63F2828F6]\nE       \t(No symbol) [0x00007FF63F265D93]\nE       \t(No symbol) [0x00007FF63F234BDC]\nE       \t(No symbol) [0x00007FF63F235C64]\nE       \tGetHandleVerifier [0x00007FF63F75E16B+3695259]\nE       \tGetHandleVerifier [0x00007FF63F7B6737+4057191]\nE       \tGetHandleVerifier [0x00007FF63F7AE4E3+4023827]\nE       \tGetHandleVerifier [0x00007FF63F4804F9+689705]\nE       \t(No symbol) [0x00007FF63F35C048]\nE       \t(No symbol) [0x00007FF63F358044]\nE       \t(No symbol) [0x00007FF63F3581C9]\nE       \t(No symbol) [0x00007FF63F3488C4]\nE       \tBaseThreadInitThunk [0x00007FFAF31D7344+20]\nE       \tRtlUserThreadStart [0x00007FFAF42A26B1+33]\n\nlocal\\lib\\site-packages\\selenium\\webdriver\\support\\wait.py:101: TimeoutException"}, "attachments": [{"name": "log", "source": "91e23bf0-35c6-48f5-9099-f3bf1a34125a-attachment.txt", "type": "text/plain"}, {"name": "stderr", "source": "66b2b4d3-aebf-429e-97f7-8d0a61d64341-attachment.txt", "type": "text/plain"}], "start": 1705584728197, "stop": 1705584759597, "uuid": "e52d4196-ac3c-41f1-aaed-014a98b0e327", "historyId": "7c5ef9df76f8e759e5a40d33c9ac0c95", "testCaseId": "7c5ef9df76f8e759e5a40d33c9ac0c95", "fullName": "testCases.test_phone.TestPhone#test_one", "labels": [{"name": "parentSuite", "value": "testCases"}, {"name": "suite", "value": "test_phone"}, {"name": "subSuite", "value": "TestPhone"}, {"name": "host", "value": "DESKTOP-KARQK2V"}, {"name": "thread", "value": "1564-MainThread"}, {"name": "framework", "value": "pytest"}, {"name": "language", "value": "cpython3"}, {"name": "package", "value": "testCases.test_phone"}]}