{"name": "test_one", "status": "broken", "statusDetails": {"message": "selenium.common.exceptions.TimeoutException: Message: \nStacktrace:\n\tGetHandleVerifier [0x00007FF63F732142+3514994]\n\t(No symbol) [0x00007FF63F350CE2]\n\t(No symbol) [0x00007FF63F1F76AA]\n\t(No symbol) [0x00007FF63F241860]\n\t(No symbol) [0x00007FF63F24197C]\n\t(No symbol) [0x00007FF63F284EE7]\n\t(No symbol) [0x00007FF63F26602F]\n\t(No symbol) [0x00007FF63F2828F6]\n\t(No symbol) [0x00007FF63F265D93]\n\t(No symbol) [0x00007FF63F234BDC]\n\t(No symbol) [0x00007FF63F235C64]\n\tGetHandleVerifier [0x00007FF63F75E16B+3695259]\n\tGetHandleVerifier [0x00007FF63F7B6737+4057191]\n\tGetHandleVerifier [0x00007FF63F7AE4E3+4023827]\n\tGetHandleVerifier [0x00007FF63F4804F9+689705]\n\t(No symbol) [0x00007FF63F35C048]\n\t(No symbol) [0x00007FF63F358044]\n\t(No symbol) [0x00007FF63F3581C9]\n\t(No symbol) [0x00007FF63F3488C4]\n\tBaseThreadInitThunk [0x00007FFAF31D7344+20]\n\tRtlUserThreadStart [0x00007FFAF42A26B1+33]", "trace": "self = <testCases.test_phone.TestPhone object at 0x000001AA8A64F2B0>, setup = <selenium.webdriver.chrome.webdriver.WebDriver (session=\"c2ceb164e8a2144a0465bfb14670cfae\")>\n\n    def test_one(self, setup):\n        self.driver = setup\n        self.sp = SignInPage(self.driver)\n        self.pp = PhonePage(self.driver)\n        # self.driver.switch_to.alert.accept()\n>       self.pp.click_heading()\n\ntestCases\\test_phone.py:22: \n_ _ _ _ _ _ _ _ _ _ _ _ _ _ _ _ _ _ _ _ _ _ _ _ _ _ _ _ _ _ _ _ _ _ _ _ _ _ _ _ _ _ _ _ _ _ _ _ _ _ _ _ _ _ _ _ _ _ _ _ _ _ _ _ _ _ _ _ _ _ _ _ _ _ _ _ _ _ _ _ _ _ _ _ _ _ _ _ _ _ _ _ _ _ _ _ _ _ _ _ _ _ _ _ _ _ _ _ _ _ _ _ _\npageObjects\\phone_page.py:9: in click_heading\n    self.click_element(\"XPATH\", self.ppl.phone_heading_xpath)\npageObjects\\base_page.py:57: in click_element\n    element = WebDriverWait(self.driver, timeout).until(\n_ _ _ _ _ _ _ _ _ _ _ _ _ _ _ _ _ _ _ _ _ _ _ _ _ _ _ _ _ _ _ _ _ _ _ _ _ _ _ _ _ _ _ _ _ _ _ _ _ _ _ _ _ _ _ _ _ _ _ _ _ _ _ _ _ _ _ _ _ _ _ _ _ _ _ _ _ _ _ _ _ _ _ _ _ _ _ _ _ _ _ _ _ _ _ _ _ _ _ _ _ _ _ _ _ _ _ _ _ _ _ _ _\n\nself = <selenium.webdriver.support.wait.WebDriverWait (session=\"c2ceb164e8a2144a0465bfb14670cfae\")>, method = <function element_to_be_clickable.<locals>._predicate at 0x000001AA8A74ECB0>, message = ''\n\n    def until(self, method: Callable[[WebDriver], Union[Literal[False], T]], message: str = \"\") -> T:\n        \"\"\"Calls the method provided with the driver as an argument until the \\\n        return value does not evaluate to ``False``.\n    \n        :param method: callable(WebDriver)\n        :param message: optional message for :exc:`TimeoutException`\n        :returns: the result of the last call to `method`\n        :raises: :exc:`selenium.common.exceptions.TimeoutException` if timeout occurs\n        \"\"\"\n        screen = None\n        stacktrace = None\n    \n        end_time = time.monotonic() + self._timeout\n        while True:\n            try:\n                value = method(self._driver)\n                if value:\n                    return value\n            except self._ignored_exceptions as exc:\n                screen = getattr(exc, \"screen\", None)\n                stacktrace = getattr(exc, \"stacktrace\", None)\n            time.sleep(self._poll)\n            if time.monotonic() > end_time:\n                break\n>       raise TimeoutException(message, screen, stacktrace)\nE       selenium.common.exceptions.TimeoutException: Message: \nE       Stacktrace:\nE       \tGetHandleVerifier [0x00007FF63F732142+3514994]\nE       \t(No symbol) [0x00007FF63F350CE2]\nE       \t(No symbol) [0x00007FF63F1F76AA]\nE       \t(No symbol) [0x00007FF63F241860]\nE       \t(No symbol) [0x00007FF63F24197C]\nE       \t(No symbol) [0x00007FF63F284EE7]\nE       \t(No symbol) [0x00007FF63F26602F]\nE       \t(No symbol) [0x00007FF63F2828F6]\nE       \t(No symbol) [0x00007FF63F265D93]\nE       \t(No symbol) [0x00007FF63F234BDC]\nE       \t(No symbol) [0x00007FF63F235C64]\nE       \tGetHandleVerifier [0x00007FF63F75E16B+3695259]\nE       \tGetHandleVerifier [0x00007FF63F7B6737+4057191]\nE       \tGetHandleVerifier [0x00007FF63F7AE4E3+4023827]\nE       \tGetHandleVerifier [0x00007FF63F4804F9+689705]\nE       \t(No symbol) [0x00007FF63F35C048]\nE       \t(No symbol) [0x00007FF63F358044]\nE       \t(No symbol) [0x00007FF63F3581C9]\nE       \t(No symbol) [0x00007FF63F3488C4]\nE       \tBaseThreadInitThunk [0x00007FFAF31D7344+20]\nE       \tRtlUserThreadStart [0x00007FFAF42A26B1+33]\n\nlocal\\lib\\site-packages\\selenium\\webdriver\\support\\wait.py:101: TimeoutException"}, "start": 1705583549516, "stop": 1705583560048, "uuid": "8603e95f-a82d-4f62-9985-05b4429c1f8a", "historyId": "7c5ef9df76f8e759e5a40d33c9ac0c95", "testCaseId": "7c5ef9df76f8e759e5a40d33c9ac0c95", "fullName": "testCases.test_phone.TestPhone#test_one", "labels": [{"name": "parentSuite", "value": "testCases"}, {"name": "suite", "value": "test_phone"}, {"name": "subSuite", "value": "TestPhone"}, {"name": "host", "value": "DESKTOP-KARQK2V"}, {"name": "thread", "value": "6516-MainThread"}, {"name": "framework", "value": "pytest"}, {"name": "language", "value": "cpython3"}, {"name": "package", "value": "testCases.test_phone"}]}