{"name": "test_create_empty_team", "status": "broken", "statusDetails": {"message": "selenium.common.exceptions.TimeoutException: Message: \nStacktrace:\n\tGetHandleVerifier [0x00007FF7FBEE2142+3514994]\n\t(No symbol) [0x00007FF7FBB00CE2]\n\t(No symbol) [0x00007FF7FB9A76AA]\n\t(No symbol) [0x00007FF7FB9F1860]\n\t(No symbol) [0x00007FF7FB9F197C]\n\t(No symbol) [0x00007FF7FBA34EE7]\n\t(No symbol) [0x00007FF7FBA1602F]\n\t(No symbol) [0x00007FF7FBA328F6]\n\t(No symbol) [0x00007FF7FBA15D93]\n\t(No symbol) [0x00007FF7FB9E4BDC]\n\t(No symbol) [0x00007FF7FB9E5C64]\n\tGetHandleVerifier [0x00007FF7FBF0E16B+3695259]\n\tGetHandleVerifier [0x00007FF7FBF66737+4057191]\n\tGetHandleVerifier [0x00007FF7FBF5E4E3+4023827]\n\tGetHandleVerifier [0x00007FF7FBC304F9+689705]\n\t(No symbol) [0x00007FF7FBB0C048]\n\t(No symbol) [0x00007FF7FBB08044]\n\t(No symbol) [0x00007FF7FBB081C9]\n\t(No symbol) [0x00007FF7FBAF88C4]\n\tBaseThreadInitThunk [0x00007FFAF31D7344+20]\n\tRtlUserThreadStart [0x00007FFAF42A26B1+33]", "trace": "self = <testCases.test_teams.TestTeam object at 0x000002CEC74566E0>\nsetup = <selenium.webdriver.chrome.webdriver.WebDriver (session=\"5efd88a062fa8907a1899e1173515e60\")>\n\n    @allure.feature('Create a Team')\n    @allure.feature('Verify that a team without a member is created successfully')\n    def test_create_empty_team(self, setup):\n        self.random_team_name = self.bp.generate_random_name()\n        self.driver = setup\n        self.tp = TeamPage(self.driver)\n        time.sleep(2)\n        self.tp.click_create_team()\n        self.logger.info(\"__Clicked on the create team.\")\n>       self.tp.send_team_name(self.team_name)\n\ntestCases\\test_teams.py:146: \n_ _ _ _ _ _ _ _ _ _ _ _ _ _ _ _ _ _ _ _ _ _ _ _ _ _ _ _ _ _ _ _ _ _ _ _ _ _ _ _\npageObjects\\teams_page.py:62: in send_team_name\n    self.send_keys_to_element('XPATH', self.tpl.team_name_xpath, text)\npageObjects\\base_page.py:63: in send_keys_to_element\n    element = WebDriverWait(self.driver, timeout).until(\n_ _ _ _ _ _ _ _ _ _ _ _ _ _ _ _ _ _ _ _ _ _ _ _ _ _ _ _ _ _ _ _ _ _ _ _ _ _ _ _\n\nself = <selenium.webdriver.support.wait.WebDriverWait (session=\"5efd88a062fa8907a1899e1173515e60\")>\nmethod = <function visibility_of_element_located.<locals>._predicate at 0x000002CEC749A710>\nmessage = ''\n\n    def until(self, method: Callable[[WebDriver], Union[Literal[False], T]], message: str = \"\") -> T:\n        \"\"\"Calls the method provided with the driver as an argument until the \\\n        return value does not evaluate to ``False``.\n    \n        :param method: callable(WebDriver)\n        :param message: optional message for :exc:`TimeoutException`\n        :returns: the result of the last call to `method`\n        :raises: :exc:`selenium.common.exceptions.TimeoutException` if timeout occurs\n        \"\"\"\n        screen = None\n        stacktrace = None\n    \n        end_time = time.monotonic() + self._timeout\n        while True:\n            try:\n                value = method(self._driver)\n                if value:\n                    return value\n            except self._ignored_exceptions as exc:\n                screen = getattr(exc, \"screen\", None)\n                stacktrace = getattr(exc, \"stacktrace\", None)\n            time.sleep(self._poll)\n            if time.monotonic() > end_time:\n                break\n>       raise TimeoutException(message, screen, stacktrace)\nE       selenium.common.exceptions.TimeoutException: Message: \nE       Stacktrace:\nE       \tGetHandleVerifier [0x00007FF7FBEE2142+3514994]\nE       \t(No symbol) [0x00007FF7FBB00CE2]\nE       \t(No symbol) [0x00007FF7FB9A76AA]\nE       \t(No symbol) [0x00007FF7FB9F1860]\nE       \t(No symbol) [0x00007FF7FB9F197C]\nE       \t(No symbol) [0x00007FF7FBA34EE7]\nE       \t(No symbol) [0x00007FF7FBA1602F]\nE       \t(No symbol) [0x00007FF7FBA328F6]\nE       \t(No symbol) [0x00007FF7FBA15D93]\nE       \t(No symbol) [0x00007FF7FB9E4BDC]\nE       \t(No symbol) [0x00007FF7FB9E5C64]\nE       \tGetHandleVerifier [0x00007FF7FBF0E16B+3695259]\nE       \tGetHandleVerifier [0x00007FF7FBF66737+4057191]\nE       \tGetHandleVerifier [0x00007FF7FBF5E4E3+4023827]\nE       \tGetHandleVerifier [0x00007FF7FBC304F9+689705]\nE       \t(No symbol) [0x00007FF7FBB0C048]\nE       \t(No symbol) [0x00007FF7FBB08044]\nE       \t(No symbol) [0x00007FF7FBB081C9]\nE       \t(No symbol) [0x00007FF7FBAF88C4]\nE       \tBaseThreadInitThunk [0x00007FFAF31D7344+20]\nE       \tRtlUserThreadStart [0x00007FFAF42A26B1+33]\n\nlocal\\lib\\site-packages\\selenium\\webdriver\\support\\wait.py:101: TimeoutException"}, "attachments": [{"name": "log", "source": "e42daa7e-49df-430c-b408-f614541bd938-attachment.txt", "type": "text/plain"}, {"name": "stderr", "source": "7c8901d7-2c1a-4518-ba88-9076bab7b3df-attachment.txt", "type": "text/plain"}], "start": 1706166589150, "stop": 1706166602575, "uuid": "1ce184a3-861b-4787-99c0-8a2d45f70274", "historyId": "32e685b28c5130ce90d1bed8e1c9bb9d", "testCaseId": "32e685b28c5130ce90d1bed8e1c9bb9d", "fullName": "testCases.test_teams.TestTeam#test_create_empty_team", "labels": [{"name": "feature", "value": "Create a Team"}, {"name": "feature", "value": "Verify that a team without a member is created successfully"}, {"name": "parentSuite", "value": "testCases"}, {"name": "suite", "value": "test_teams"}, {"name": "subSuite", "value": "TestTeam"}, {"name": "host", "value": "DESKTOP-KARQK2V"}, {"name": "thread", "value": "16180-MainThread"}, {"name": "framework", "value": "pytest"}, {"name": "language", "value": "cpython3"}, {"name": "package", "value": "testCases.test_teams"}]}