{"name": "test_alert_verification", "status": "broken", "statusDetails": {"message": "selenium.common.exceptions.TimeoutException: Message: \nStacktrace:\n\tGetHandleVerifier [0x00007FF74A012142+3514994]\n\t(No symbol) [0x00007FF749C30CE2]\n\t(No symbol) [0x00007FF749AD76AA]\n\t(No symbol) [0x00007FF749B21860]\n\t(No symbol) [0x00007FF749B2197C]\n\t(No symbol) [0x00007FF749B64EE7]\n\t(No symbol) [0x00007FF749B4602F]\n\t(No symbol) [0x00007FF749B628F6]\n\t(No symbol) [0x00007FF749B45D93]\n\t(No symbol) [0x00007FF749B14BDC]\n\t(No symbol) [0x00007FF749B15C64]\n\tGetHandleVerifier [0x00007FF74A03E16B+3695259]\n\tGetHandleVerifier [0x00007FF74A096737+4057191]\n\tGetHandleVerifier [0x00007FF74A08E4E3+4023827]\n\tGetHandleVerifier [0x00007FF749D604F9+689705]\n\t(No symbol) [0x00007FF749C3C048]\n\t(No symbol) [0x00007FF749C38044]\n\t(No symbol) [0x00007FF749C381C9]\n\t(No symbol) [0x00007FF749C288C4]\n\tBaseThreadInitThunk [0x00007FFAF31D7344+20]\n\tRtlUserThreadStart [0x00007FFAF42A26B1+33]", "trace": "self = <testCases.test_signin.TestSignIn object at 0x000002563287A830>, setup = <selenium.webdriver.chrome.webdriver.WebDriver (session=\"a86b3643ca33ba16cd5eff367ccb7cbe\")>\n\n    @allure.feature('Alert Verification')\n    @allure.story('Verify Alert Messages')\n    def test_alert_verification(self, setup):\n        self.logger.info(\"__Test Three\")\n        self.driver = setup\n        self.sp = SignInPage(self.driver)\n        self.sp.send_phone(self.invalid_number)\n        time.sleep(2)\n        assert self.sp.alert_for_invalid_num() == self.alert_invalid\n        self.sp.send_phone(self.unregistered_number)\n>       assert self.sp.alert_for_invalid_num() == self.alert_unregistered\n\ntestCases\\test_signin.py:74: \n_ _ _ _ _ _ _ _ _ _ _ _ _ _ _ _ _ _ _ _ _ _ _ _ _ _ _ _ _ _ _ _ _ _ _ _ _ _ _ _ _ _ _ _ _ _ _ _ _ _ _ _ _ _ _ _ _ _ _ _ _ _ _ _ _ _ _ _ _ _ _ _ _ _ _ _ _ _ _ _ _ _ _ _ _ _ _ _ _ _ _ _ _ _ _ _ _ _ _ _ _ _ _ _ _ _ _ _ _ _ _ _ _ _\npageObjects\\signin_page.py:46: in alert_for_invalid_num\n    text = self.get_text_from_element('CSS_SELECTOR', self.spl.alert_invalid_css)\npageObjects\\base_page.py:70: in get_text_from_element\n    element = WebDriverWait(self.driver, timeout).until(\n_ _ _ _ _ _ _ _ _ _ _ _ _ _ _ _ _ _ _ _ _ _ _ _ _ _ _ _ _ _ _ _ _ _ _ _ _ _ _ _ _ _ _ _ _ _ _ _ _ _ _ _ _ _ _ _ _ _ _ _ _ _ _ _ _ _ _ _ _ _ _ _ _ _ _ _ _ _ _ _ _ _ _ _ _ _ _ _ _ _ _ _ _ _ _ _ _ _ _ _ _ _ _ _ _ _ _ _ _ _ _ _ _ _\n\nself = <selenium.webdriver.support.wait.WebDriverWait (session=\"a86b3643ca33ba16cd5eff367ccb7cbe\")>, method = <function visibility_of_element_located.<locals>._predicate at 0x000002563456FB50>, message = ''\n\n    def until(self, method: Callable[[WebDriver], Union[Literal[False], T]], message: str = \"\") -> T:\n        \"\"\"Calls the method provided with the driver as an argument until the \\\n        return value does not evaluate to ``False``.\n    \n        :param method: callable(WebDriver)\n        :param message: optional message for :exc:`TimeoutException`\n        :returns: the result of the last call to `method`\n        :raises: :exc:`selenium.common.exceptions.TimeoutException` if timeout occurs\n        \"\"\"\n        screen = None\n        stacktrace = None\n    \n        end_time = time.monotonic() + self._timeout\n        while True:\n            try:\n                value = method(self._driver)\n                if value:\n                    return value\n            except self._ignored_exceptions as exc:\n                screen = getattr(exc, \"screen\", None)\n                stacktrace = getattr(exc, \"stacktrace\", None)\n            time.sleep(self._poll)\n            if time.monotonic() > end_time:\n                break\n>       raise TimeoutException(message, screen, stacktrace)\nE       selenium.common.exceptions.TimeoutException: Message: \nE       Stacktrace:\nE       \tGetHandleVerifier [0x00007FF74A012142+3514994]\nE       \t(No symbol) [0x00007FF749C30CE2]\nE       \t(No symbol) [0x00007FF749AD76AA]\nE       \t(No symbol) [0x00007FF749B21860]\nE       \t(No symbol) [0x00007FF749B2197C]\nE       \t(No symbol) [0x00007FF749B64EE7]\nE       \t(No symbol) [0x00007FF749B4602F]\nE       \t(No symbol) [0x00007FF749B628F6]\nE       \t(No symbol) [0x00007FF749B45D93]\nE       \t(No symbol) [0x00007FF749B14BDC]\nE       \t(No symbol) [0x00007FF749B15C64]\nE       \tGetHandleVerifier [0x00007FF74A03E16B+3695259]\nE       \tGetHandleVerifier [0x00007FF74A096737+4057191]\nE       \tGetHandleVerifier [0x00007FF74A08E4E3+4023827]\nE       \tGetHandleVerifier [0x00007FF749D604F9+689705]\nE       \t(No symbol) [0x00007FF749C3C048]\nE       \t(No symbol) [0x00007FF749C38044]\nE       \t(No symbol) [0x00007FF749C381C9]\nE       \t(No symbol) [0x00007FF749C288C4]\nE       \tBaseThreadInitThunk [0x00007FFAF31D7344+20]\nE       \tRtlUserThreadStart [0x00007FFAF42A26B1+33]\n\nlocal\\lib\\site-packages\\selenium\\webdriver\\support\\wait.py:101: TimeoutException"}, "attachments": [{"name": "log", "source": "656103ac-562a-4185-a476-8421d7ec74c7-attachment.txt", "type": "text/plain"}, {"name": "stdout", "source": "e49c0479-aa3e-45d9-85ac-b63891fb5cdb-attachment.txt", "type": "text/plain"}, {"name": "stderr", "source": "a548653a-d4e2-46c7-93ed-bb8dbce3b895-attachment.txt", "type": "text/plain"}], "start": 1705989384684, "stop": 1705989397945, "uuid": "58add7f4-c052-41f2-9177-0034921db93c", "historyId": "d0ed2d29b85e5db55bbf6bae027274d6", "testCaseId": "d0ed2d29b85e5db55bbf6bae027274d6", "fullName": "testCases.test_signin.TestSignIn#test_alert_verification", "labels": [{"name": "feature", "value": "Alert Verification"}, {"name": "story", "value": "Verify Alert Messages"}, {"name": "parentSuite", "value": "testCases"}, {"name": "suite", "value": "test_signin"}, {"name": "subSuite", "value": "TestSignIn"}, {"name": "host", "value": "DESKTOP-KARQK2V"}, {"name": "thread", "value": "9068-MainThread"}, {"name": "framework", "value": "pytest"}, {"name": "language", "value": "cpython3"}, {"name": "package", "value": "testCases.test_signin"}]}