{"name": "test_one", "status": "broken", "statusDetails": {"message": "selenium.common.exceptions.TimeoutException: Message: \nStacktrace:\n\tGetHandleVerifier [0x00007FF7FBEE2142+3514994]\n\t(No symbol) [0x00007FF7FBB00CE2]\n\t(No symbol) [0x00007FF7FB9A76AA]\n\t(No symbol) [0x00007FF7FB9F1860]\n\t(No symbol) [0x00007FF7FB9F197C]\n\t(No symbol) [0x00007FF7FBA34EE7]\n\t(No symbol) [0x00007FF7FBA1602F]\n\t(No symbol) [0x00007FF7FBA328F6]\n\t(No symbol) [0x00007FF7FBA15D93]\n\t(No symbol) [0x00007FF7FB9E4BDC]\n\t(No symbol) [0x00007FF7FB9E5C64]\n\tGetHandleVerifier [0x00007FF7FBF0E16B+3695259]\n\tGetHandleVerifier [0x00007FF7FBF66737+4057191]\n\tGetHandleVerifier [0x00007FF7FBF5E4E3+4023827]\n\tGetHandleVerifier [0x00007FF7FBC304F9+689705]\n\t(No symbol) [0x00007FF7FBB0C048]\n\t(No symbol) [0x00007FF7FBB08044]\n\t(No symbol) [0x00007FF7FBB081C9]\n\t(No symbol) [0x00007FF7FBAF88C4]\n\tBaseThreadInitThunk [0x00007FFAF31D7344+20]\n\tRtlUserThreadStart [0x00007FFAF42A26B1+33]", "trace": "self = <testCases.test_phone.TestPhone object at 0x0000017D60458340>\nsetup = <selenium.webdriver.chrome.webdriver.WebDriver (session=\"8379129e4ba8ec3454df2d848763b16f\")>\n\n    def test_one(self, setup):\n        self.driver = setup\n        self.pp = PhonePage(self.driver)\n        self.tp = TeamPage(self.driver)\n        self.sp = SignInPage(self.driver)\n        self.driver.get(self.baseURL)\n        self.driver.maximize_window()\n        self.sp.send_phone(\"+234 878 685 8483\")\n        self.sp.send_password(\"Demo@1234\")\n        self.sp.click_sign_in_btn()\n        self.logger.info(\"__Successful login\")\n        self.pp.click_heading()\n        self.pp.click_three_dot_menu()\n        self.pp.click_assign_to()\n        self.pp.select_members_to_assign()\n        self.pp.click_assign_button()\n        self.pp.click_three_dot_menu()\n>       self.pp.update_forwarding()\n\ntestCases\\test_phone.py:38: \n_ _ _ _ _ _ _ _ _ _ _ _ _ _ _ _ _ _ _ _ _ _ _ _ _ _ _ _ _ _ _ _ _ _ _ _ _ _ _ _\npageObjects\\phone_page.py:42: in update_forwarding\n    self.click_element('XPATH', self.ppl.update_forwarding_xpath)\npageObjects\\base_page.py:57: in click_element\n    element = WebDriverWait(self.driver, timeout).until(\n_ _ _ _ _ _ _ _ _ _ _ _ _ _ _ _ _ _ _ _ _ _ _ _ _ _ _ _ _ _ _ _ _ _ _ _ _ _ _ _\n\nself = <selenium.webdriver.support.wait.WebDriverWait (session=\"8379129e4ba8ec3454df2d848763b16f\")>\nmethod = <function element_to_be_clickable.<locals>._predicate at 0x0000017D60983760>\nmessage = ''\n\n    def until(self, method: Callable[[WebDriver], Union[Literal[False], T]], message: str = \"\") -> T:\n        \"\"\"Calls the method provided with the driver as an argument until the \\\n        return value does not evaluate to ``False``.\n    \n        :param method: callable(WebDriver)\n        :param message: optional message for :exc:`TimeoutException`\n        :returns: the result of the last call to `method`\n        :raises: :exc:`selenium.common.exceptions.TimeoutException` if timeout occurs\n        \"\"\"\n        screen = None\n        stacktrace = None\n    \n        end_time = time.monotonic() + self._timeout\n        while True:\n            try:\n                value = method(self._driver)\n                if value:\n                    return value\n            except self._ignored_exceptions as exc:\n                screen = getattr(exc, \"screen\", None)\n                stacktrace = getattr(exc, \"stacktrace\", None)\n            time.sleep(self._poll)\n            if time.monotonic() > end_time:\n                break\n>       raise TimeoutException(message, screen, stacktrace)\nE       selenium.common.exceptions.TimeoutException: Message: \nE       Stacktrace:\nE       \tGetHandleVerifier [0x00007FF7FBEE2142+3514994]\nE       \t(No symbol) [0x00007FF7FBB00CE2]\nE       \t(No symbol) [0x00007FF7FB9A76AA]\nE       \t(No symbol) [0x00007FF7FB9F1860]\nE       \t(No symbol) [0x00007FF7FB9F197C]\nE       \t(No symbol) [0x00007FF7FBA34EE7]\nE       \t(No symbol) [0x00007FF7FBA1602F]\nE       \t(No symbol) [0x00007FF7FBA328F6]\nE       \t(No symbol) [0x00007FF7FBA15D93]\nE       \t(No symbol) [0x00007FF7FB9E4BDC]\nE       \t(No symbol) [0x00007FF7FB9E5C64]\nE       \tGetHandleVerifier [0x00007FF7FBF0E16B+3695259]\nE       \tGetHandleVerifier [0x00007FF7FBF66737+4057191]\nE       \tGetHandleVerifier [0x00007FF7FBF5E4E3+4023827]\nE       \tGetHandleVerifier [0x00007FF7FBC304F9+689705]\nE       \t(No symbol) [0x00007FF7FBB0C048]\nE       \t(No symbol) [0x00007FF7FBB08044]\nE       \t(No symbol) [0x00007FF7FBB081C9]\nE       \t(No symbol) [0x00007FF7FBAF88C4]\nE       \tBaseThreadInitThunk [0x00007FFAF31D7344+20]\nE       \tRtlUserThreadStart [0x00007FFAF42A26B1+33]\n\nlocal\\lib\\site-packages\\selenium\\webdriver\\support\\wait.py:101: TimeoutException"}, "attachments": [{"name": "log", "source": "51f09222-014c-44df-a5da-0b15dd4a1085-attachment.txt", "type": "text/plain"}, {"name": "stderr", "source": "8c0e23e9-e65d-4b29-9b70-81382e65949c-attachment.txt", "type": "text/plain"}], "start": 1706163923397, "stop": 1706163946338, "uuid": "8742cf99-cc25-41a3-9514-590b7e34ea19", "historyId": "7c5ef9df76f8e759e5a40d33c9ac0c95", "testCaseId": "7c5ef9df76f8e759e5a40d33c9ac0c95", "fullName": "testCases.test_phone.TestPhone#test_one", "labels": [{"name": "parentSuite", "value": "testCases"}, {"name": "suite", "value": "test_phone"}, {"name": "subSuite", "value": "TestPhone"}, {"name": "host", "value": "DESKTOP-KARQK2V"}, {"name": "thread", "value": "13288-MainThread"}, {"name": "framework", "value": "pytest"}, {"name": "language", "value": "cpython3"}, {"name": "package", "value": "testCases.test_phone"}]}