{"name": "test_text_assertion", "status": "broken", "statusDetails": {"message": "selenium.common.exceptions.NoSuchWindowException: Message: no such window: target window already closed\nfrom unknown error: web view not found\n  (Session info: chrome=120.0.6099.224)\nStacktrace:\n\tGetHandleVerifier [0x00007FF680402142+3514994]\n\t(No symbol) [0x00007FF680020CE2]\n\t(No symbol) [0x00007FF67FEC76AA]\n\t(No symbol) [0x00007FF67FEA0AFD]\n\t(No symbol) [0x00007FF67FF3CB1B]\n\t(No symbol) [0x00007FF67FF5218F]\n\t(No symbol) [0x00007FF67FF35D93]\n\t(No symbol) [0x00007FF67FF04BDC]\n\t(No symbol) [0x00007FF67FF05C64]\n\tGetHandleVerifier [0x00007FF68042E16B+3695259]\n\tGetHandleVerifier [0x00007FF680486737+4057191]\n\tGetHandleVerifier [0x00007FF68047E4E3+4023827]\n\tGetHandleVerifier [0x00007FF6801504F9+689705]\n\t(No symbol) [0x00007FF68002C048]\n\t(No symbol) [0x00007FF680028044]\n\t(No symbol) [0x00007FF6800281C9]\n\t(No symbol) [0x00007FF6800188C4]\n\tBaseThreadInitThunk [0x00007FFAF31D7344+20]\n\tRtlUserThreadStart [0x00007FFAF42A26B1+33]", "trace": "self = <testCases.test_signin.TestSignIn object at 0x000001DBCC56DF30>, setup = <selenium.webdriver.chrome.webdriver.WebDriver (session=\"ac1cae7c9b18a268c4e12abdeeb098c1\")>\n\n    @allure.feature('Text Verification')\n    @allure.story('Verify expected text with actual text')\n    def test_text_assertion(self, setup):\n        self.logger.info(\"____________Test Two__________\")\n        self.driver = setup\n        self.sp = SignInPage(self.driver)\n>       assert self.sp.sign_in_text() == self.txt_sign_in\n\ntestCases\\test_signin.py:60: \n_ _ _ _ _ _ _ _ _ _ _ _ _ _ _ _ _ _ _ _ _ _ _ _ _ _ _ _ _ _ _ _ _ _ _ _ _ _ _ _ _ _ _ _ _ _ _ _ _ _ _ _ _ _ _ _ _ _ _ _ _ _ _ _ _ _ _ _ _ _ _ _ _ _ _ _ _ _ _ _ _ _ _ _ _ _ _ _ _ _ _ _ _ _ _ _ _ _ _ _ _ _ _ _ _ _ _ _ _ _ _ _ _ _\npageObjects\\signin_page.py:17: in sign_in_text\n    text = self.get_text_from_element('CSS_SELECTOR', self.spl.sign_in_heading_css)\npageObjects\\base_page.py:70: in get_text_from_element\n    element = WebDriverWait(self.driver, timeout).until(\nlocal\\lib\\site-packages\\selenium\\webdriver\\support\\wait.py:92: in until\n    value = method(self._driver)\nlocal\\lib\\site-packages\\selenium\\webdriver\\support\\expected_conditions.py:150: in _predicate\n    return _element_if_visible(driver.find_element(*locator))\nlocal\\lib\\site-packages\\selenium\\webdriver\\remote\\webdriver.py:741: in find_element\n    return self.execute(Command.FIND_ELEMENT, {\"using\": by, \"value\": value})[\"value\"]\nlocal\\lib\\site-packages\\selenium\\webdriver\\remote\\webdriver.py:347: in execute\n    self.error_handler.check_response(response)\n_ _ _ _ _ _ _ _ _ _ _ _ _ _ _ _ _ _ _ _ _ _ _ _ _ _ _ _ _ _ _ _ _ _ _ _ _ _ _ _ _ _ _ _ _ _ _ _ _ _ _ _ _ _ _ _ _ _ _ _ _ _ _ _ _ _ _ _ _ _ _ _ _ _ _ _ _ _ _ _ _ _ _ _ _ _ _ _ _ _ _ _ _ _ _ _ _ _ _ _ _ _ _ _ _ _ _ _ _ _ _ _ _ _\n\nself = <selenium.webdriver.remote.errorhandler.ErrorHandler object at 0x000001DBCC56F460>\nresponse = {'status': 404, 'value': '{\"value\":{\"error\":\"no such window\",\"message\":\"no such window: target window already closed\\\\...07FF6800188C4]\\\\n\\\\tBaseThreadInitThunk [0x00007FFAF31D7344+20]\\\\n\\\\tRtlUserThreadStart [0x00007FFAF42A26B1+33]\\\\n\"}}'}\n\n    def check_response(self, response: Dict[str, Any]) -> None:\n        \"\"\"Checks that a JSON response from the WebDriver does not have an\n        error.\n    \n        :Args:\n         - response - The JSON response from the WebDriver server as a dictionary\n           object.\n    \n        :Raises: If the response contains an error message.\n        \"\"\"\n        status = response.get(\"status\", None)\n        if not status or status == ErrorCode.SUCCESS:\n            return\n        value = None\n        message = response.get(\"message\", \"\")\n        screen: str = response.get(\"screen\", \"\")\n        stacktrace = None\n        if isinstance(status, int):\n            value_json = response.get(\"value\", None)\n            if value_json and isinstance(value_json, str):\n                import json\n    \n                try:\n                    value = json.loads(value_json)\n                    if len(value) == 1:\n                        value = value[\"value\"]\n                    status = value.get(\"error\", None)\n                    if not status:\n                        status = value.get(\"status\", ErrorCode.UNKNOWN_ERROR)\n                        message = value.get(\"value\") or value.get(\"message\")\n                        if not isinstance(message, str):\n                            value = message\n                            message = message.get(\"message\")\n                    else:\n                        message = value.get(\"message\", None)\n                except ValueError:\n                    pass\n    \n        exception_class: Type[WebDriverException]\n        e = ErrorCode()\n        error_codes = [item for item in dir(e) if not item.startswith(\"__\")]\n        for error_code in error_codes:\n            error_info = getattr(ErrorCode, error_code)\n            if isinstance(error_info, list) and status in error_info:\n                exception_class = getattr(ExceptionMapping, error_code, WebDriverException)\n                break\n        else:\n            exception_class = WebDriverException\n    \n        if not value:\n            value = response[\"value\"]\n        if isinstance(value, str):\n            raise exception_class(value)\n        if message == \"\" and \"message\" in value:\n            message = value[\"message\"]\n    \n        screen = None  # type: ignore[assignment]\n        if \"screen\" in value:\n            screen = value[\"screen\"]\n    \n        stacktrace = None\n        st_value = value.get(\"stackTrace\") or value.get(\"stacktrace\")\n        if st_value:\n            if isinstance(st_value, str):\n                stacktrace = st_value.split(\"\\n\")\n            else:\n                stacktrace = []\n                try:\n                    for frame in st_value:\n                        line = frame.get(\"lineNumber\", \"\")\n                        file = frame.get(\"fileName\", \"<anonymous>\")\n                        if line:\n                            file = f\"{file}:{line}\"\n                        meth = frame.get(\"methodName\", \"<anonymous>\")\n                        if \"className\" in frame:\n                            meth = f\"{frame['className']}.{meth}\"\n                        msg = \"    at %s (%s)\"\n                        msg = msg % (meth, file)\n                        stacktrace.append(msg)\n                except TypeError:\n                    pass\n        if exception_class == UnexpectedAlertPresentException:\n            alert_text = None\n            if \"data\" in value:\n                alert_text = value[\"data\"].get(\"text\")\n            elif \"alert\" in value:\n                alert_text = value[\"alert\"].get(\"text\")\n            raise exception_class(message, screen, stacktrace, alert_text)  # type: ignore[call-arg]  # mypy is not smart enough here\n>       raise exception_class(message, screen, stacktrace)\nE       selenium.common.exceptions.NoSuchWindowException: Message: no such window: target window already closed\nE       from unknown error: web view not found\nE         (Session info: chrome=120.0.6099.224)\nE       Stacktrace:\nE       \tGetHandleVerifier [0x00007FF680402142+3514994]\nE       \t(No symbol) [0x00007FF680020CE2]\nE       \t(No symbol) [0x00007FF67FEC76AA]\nE       \t(No symbol) [0x00007FF67FEA0AFD]\nE       \t(No symbol) [0x00007FF67FF3CB1B]\nE       \t(No symbol) [0x00007FF67FF5218F]\nE       \t(No symbol) [0x00007FF67FF35D93]\nE       \t(No symbol) [0x00007FF67FF04BDC]\nE       \t(No symbol) [0x00007FF67FF05C64]\nE       \tGetHandleVerifier [0x00007FF68042E16B+3695259]\nE       \tGetHandleVerifier [0x00007FF680486737+4057191]\nE       \tGetHandleVerifier [0x00007FF68047E4E3+4023827]\nE       \tGetHandleVerifier [0x00007FF6801504F9+689705]\nE       \t(No symbol) [0x00007FF68002C048]\nE       \t(No symbol) [0x00007FF680028044]\nE       \t(No symbol) [0x00007FF6800281C9]\nE       \t(No symbol) [0x00007FF6800188C4]\nE       \tBaseThreadInitThunk [0x00007FFAF31D7344+20]\nE       \tRtlUserThreadStart [0x00007FFAF42A26B1+33]\n\nlocal\\lib\\site-packages\\selenium\\webdriver\\remote\\errorhandler.py:229: NoSuchWindowException"}, "attachments": [{"name": "log", "source": "1b98c7eb-bb62-43b5-8418-1af9b1181939-attachment.txt", "type": "text/plain"}, {"name": "stderr", "source": "926ec9f2-3201-4546-9e04-64af50d0c2c4-attachment.txt", "type": "text/plain"}], "start": 1705658559772, "stop": 1705658559775, "uuid": "2cb580bf-14d5-4fe6-996f-5ba3df5d9749", "historyId": "5b10c9a05670df394158566a185fd244", "testCaseId": "5b10c9a05670df394158566a185fd244", "fullName": "testCases.test_signin.TestSignIn#test_text_assertion", "labels": [{"name": "story", "value": "Verify expected text with actual text"}, {"name": "feature", "value": "Text Verification"}, {"name": "parentSuite", "value": "testCases"}, {"name": "suite", "value": "test_signin"}, {"name": "subSuite", "value": "TestSignIn"}, {"name": "host", "value": "DESKTOP-KARQK2V"}, {"name": "thread", "value": "17224-MainThread"}, {"name": "framework", "value": "pytest"}, {"name": "language", "value": "cpython3"}, {"name": "package", "value": "testCases.test_signin"}]}