{"name": "test_add_member", "status": "broken", "statusDetails": {"message": "selenium.common.exceptions.TimeoutException: Message: \nStacktrace:\n\tGetHandleVerifier [0x00007FF63F732142+3514994]\n\t(No symbol) [0x00007FF63F350CE2]\n\t(No symbol) [0x00007FF63F1F76AA]\n\t(No symbol) [0x00007FF63F241860]\n\t(No symbol) [0x00007FF63F24197C]\n\t(No symbol) [0x00007FF63F284EE7]\n\t(No symbol) [0x00007FF63F26602F]\n\t(No symbol) [0x00007FF63F2828F6]\n\t(No symbol) [0x00007FF63F265D93]\n\t(No symbol) [0x00007FF63F234BDC]\n\t(No symbol) [0x00007FF63F235C64]\n\tGetHandleVerifier [0x00007FF63F75E16B+3695259]\n\tGetHandleVerifier [0x00007FF63F7B6737+4057191]\n\tGetHandleVerifier [0x00007FF63F7AE4E3+4023827]\n\tGetHandleVerifier [0x00007FF63F4804F9+689705]\n\t(No symbol) [0x00007FF63F35C048]\n\t(No symbol) [0x00007FF63F358044]\n\t(No symbol) [0x00007FF63F3581C9]\n\t(No symbol) [0x00007FF63F3488C4]\n\tBaseThreadInitThunk [0x00007FFAF31D7344+20]\n\tRtlUserThreadStart [0x00007FFAF42A26B1+33]", "trace": "self = <testCases.test_teams.TestTeam object at 0x00000213DB19DFC0>, setup = <selenium.webdriver.chrome.webdriver.WebDriver (session=\"e63c7276c54869aeed1f69b5fae1b6ac\")>\n\n    @allure.feature('Adding a member')\n    @allure.story('Verify member is added successfully.')\n    def test_add_member(self, setup):\n        self.logger.info(\"__Test One\")\n        self.logger.info(\"__Adding Member\")\n        self.driver = setup\n        self.tp = TeamPage(self.driver)\n        self.sp = SignInPage(self.driver)\n        self.driver.get(self.baseURL)\n        self.driver.maximize_window()\n        self.sp.send_phone(\"+234 1234567890\")\n        self.sp.send_password(\"OhMG@123\")\n        self.sp.click_sign_in_btn()\n        self.logger.info(\"__Successful login\")\n        time.sleep(5)\n>       self.tp.click_teams_heading()\n\ntestCases\\test_teams.py:56: \n_ _ _ _ _ _ _ _ _ _ _ _ _ _ _ _ _ _ _ _ _ _ _ _ _ _ _ _ _ _ _ _ _ _ _ _ _ _ _ _ _ _ _ _ _ _ _ _ _ _ _ _ _ _ _ _ _ _ _ _ _ _ _ _ _ _ _ _ _ _ _ _ _ _ _ _ _ _ _ _ _ _ _ _ _ _ _ _ _ _ _ _ _ _ _ _ _ _ _ _ _ _ _ _ _ _ _ _ _ _ _ _ _\npageObjects\\teams_page.py:21: in click_teams_heading\n    self.click_element('XPATH', self.tpl.teams_heading_xpath)\npageObjects\\base_page.py:57: in click_element\n    element = WebDriverWait(self.driver, timeout).until(\n_ _ _ _ _ _ _ _ _ _ _ _ _ _ _ _ _ _ _ _ _ _ _ _ _ _ _ _ _ _ _ _ _ _ _ _ _ _ _ _ _ _ _ _ _ _ _ _ _ _ _ _ _ _ _ _ _ _ _ _ _ _ _ _ _ _ _ _ _ _ _ _ _ _ _ _ _ _ _ _ _ _ _ _ _ _ _ _ _ _ _ _ _ _ _ _ _ _ _ _ _ _ _ _ _ _ _ _ _ _ _ _ _\n\nself = <selenium.webdriver.support.wait.WebDriverWait (session=\"e63c7276c54869aeed1f69b5fae1b6ac\")>, method = <function element_to_be_clickable.<locals>._predicate at 0x00000213DB2160E0>, message = ''\n\n    def until(self, method: Callable[[WebDriver], Union[Literal[False], T]], message: str = \"\") -> T:\n        \"\"\"Calls the method provided with the driver as an argument until the \\\n        return value does not evaluate to ``False``.\n    \n        :param method: callable(WebDriver)\n        :param message: optional message for :exc:`TimeoutException`\n        :returns: the result of the last call to `method`\n        :raises: :exc:`selenium.common.exceptions.TimeoutException` if timeout occurs\n        \"\"\"\n        screen = None\n        stacktrace = None\n    \n        end_time = time.monotonic() + self._timeout\n        while True:\n            try:\n                value = method(self._driver)\n                if value:\n                    return value\n            except self._ignored_exceptions as exc:\n                screen = getattr(exc, \"screen\", None)\n                stacktrace = getattr(exc, \"stacktrace\", None)\n            time.sleep(self._poll)\n            if time.monotonic() > end_time:\n                break\n>       raise TimeoutException(message, screen, stacktrace)\nE       selenium.common.exceptions.TimeoutException: Message: \nE       Stacktrace:\nE       \tGetHandleVerifier [0x00007FF63F732142+3514994]\nE       \t(No symbol) [0x00007FF63F350CE2]\nE       \t(No symbol) [0x00007FF63F1F76AA]\nE       \t(No symbol) [0x00007FF63F241860]\nE       \t(No symbol) [0x00007FF63F24197C]\nE       \t(No symbol) [0x00007FF63F284EE7]\nE       \t(No symbol) [0x00007FF63F26602F]\nE       \t(No symbol) [0x00007FF63F2828F6]\nE       \t(No symbol) [0x00007FF63F265D93]\nE       \t(No symbol) [0x00007FF63F234BDC]\nE       \t(No symbol) [0x00007FF63F235C64]\nE       \tGetHandleVerifier [0x00007FF63F75E16B+3695259]\nE       \tGetHandleVerifier [0x00007FF63F7B6737+4057191]\nE       \tGetHandleVerifier [0x00007FF63F7AE4E3+4023827]\nE       \tGetHandleVerifier [0x00007FF63F4804F9+689705]\nE       \t(No symbol) [0x00007FF63F35C048]\nE       \t(No symbol) [0x00007FF63F358044]\nE       \t(No symbol) [0x00007FF63F3581C9]\nE       \t(No symbol) [0x00007FF63F3488C4]\nE       \tBaseThreadInitThunk [0x00007FFAF31D7344+20]\nE       \tRtlUserThreadStart [0x00007FFAF42A26B1+33]\n\nlocal\\lib\\site-packages\\selenium\\webdriver\\support\\wait.py:101: TimeoutException"}, "attachments": [{"name": "log", "source": "03814fca-3696-43ad-9831-16f220f2f601-attachment.txt", "type": "text/plain"}, {"name": "stderr", "source": "755ce4a4-6222-4887-a927-a2a9e23a1c4f-attachment.txt", "type": "text/plain"}], "start": 1705582067188, "stop": 1705582087490, "uuid": "21436e91-cdb3-4153-883a-060019fa126d", "historyId": "ab61e05240e9a8d3857743f03dd3c035", "testCaseId": "ab61e05240e9a8d3857743f03dd3c035", "fullName": "testCases.test_teams.TestTeam#test_add_member", "labels": [{"name": "story", "value": "Verify member is added successfully."}, {"name": "feature", "value": "Adding a member"}, {"name": "parentSuite", "value": "testCases"}, {"name": "suite", "value": "test_teams"}, {"name": "subSuite", "value": "TestTeam"}, {"name": "host", "value": "DESKTOP-KARQK2V"}, {"name": "thread", "value": "10120-MainThread"}, {"name": "framework", "value": "pytest"}, {"name": "language", "value": "cpython3"}, {"name": "package", "value": "testCases.test_teams"}]}