{"name": "test_login_wit_verification", "status": "broken", "statusDetails": {"message": "selenium.common.exceptions.TimeoutException: Message: \nStacktrace:\n\tGetHandleVerifier [0x00007FF74A012142+3514994]\n\t(No symbol) [0x00007FF749C30CE2]\n\t(No symbol) [0x00007FF749AD76AA]\n\t(No symbol) [0x00007FF749B21860]\n\t(No symbol) [0x00007FF749B2197C]\n\t(No symbol) [0x00007FF749B64EE7]\n\t(No symbol) [0x00007FF749B4602F]\n\t(No symbol) [0x00007FF749B628F6]\n\t(No symbol) [0x00007FF749B45D93]\n\t(No symbol) [0x00007FF749B14BDC]\n\t(No symbol) [0x00007FF749B15C64]\n\tGetHandleVerifier [0x00007FF74A03E16B+3695259]\n\tGetHandleVerifier [0x00007FF74A096737+4057191]\n\tGetHandleVerifier [0x00007FF74A08E4E3+4023827]\n\tGetHandleVerifier [0x00007FF749D604F9+689705]\n\t(No symbol) [0x00007FF749C3C048]\n\t(No symbol) [0x00007FF749C38044]\n\t(No symbol) [0x00007FF749C381C9]\n\t(No symbol) [0x00007FF749C288C4]\n\tBaseThreadInitThunk [0x00007FFAF31D7344+20]\n\tRtlUserThreadStart [0x00007FFAF42A26B1+33]", "trace": "self = <testCases.test_signin.TestSignIn object at 0x000002563287AAD0>, setup = <selenium.webdriver.chrome.webdriver.WebDriver (session=\"a86b3643ca33ba16cd5eff367ccb7cbe\")>\n\n    @allure.feature('Sign-in with verification')\n    @allure.story('Verify successful Sign-in with verification.')\n    def test_login_wit_verification(self, setup):\n        self.logger.info(\"__Test One\")\n        self.driver = setup\n        self.driver.get(self.baseURL)\n        self.logger.info(\"__Url entered.\")\n        self.driver.maximize_window()\n        self.sp = SignInPage(self.driver)\n        allure.attach(self.driver.get_screenshot_as_png(), name=\"Sign-in page\",\n                      attachment_type=allure.attachment_type.PNG)\n        self.sp.send_phone(\"+234 1234567890\")\n        self.logger.info(\"__Number entered.\")\n        allure.attach(self.driver.get_screenshot_as_png(), name=\"Phone number\",\n                      attachment_type=allure.attachment_type.PNG)\n        self.sp.send_password('Demo@123')\n        self.logger.info(\"__Password entered\")\n        allure.attach(self.driver.get_screenshot_as_png(), name=\"Password\",\n                      attachment_type=allure.attachment_type.PNG)\n        self.sp.click_sign_in_btn()\n        self.logger.info(\"__Clicked Sign in.\")\n        allure.attach(self.driver.get_screenshot_as_png(), name=\"Alert message\",\n                      attachment_type=allure.attachment_type.PNG)\n>       self.sp.click_sign_in_btn()\n\ntestCases\\test_signin.py:99: \n_ _ _ _ _ _ _ _ _ _ _ _ _ _ _ _ _ _ _ _ _ _ _ _ _ _ _ _ _ _ _ _ _ _ _ _ _ _ _ _ _ _ _ _ _ _ _ _ _ _ _ _ _ _ _ _ _ _ _ _ _ _ _ _ _ _ _ _ _ _ _ _ _ _ _ _ _ _ _ _ _ _ _ _ _ _ _ _ _ _ _ _ _ _ _ _ _ _ _ _ _ _ _ _ _ _ _ _ _ _ _ _ _ _\npageObjects\\signin_page.py:53: in click_sign_in_btn\n    self.click_element('XPATH', self.spl.sign_in_button)\npageObjects\\base_page.py:57: in click_element\n    element = WebDriverWait(self.driver, timeout).until(\n_ _ _ _ _ _ _ _ _ _ _ _ _ _ _ _ _ _ _ _ _ _ _ _ _ _ _ _ _ _ _ _ _ _ _ _ _ _ _ _ _ _ _ _ _ _ _ _ _ _ _ _ _ _ _ _ _ _ _ _ _ _ _ _ _ _ _ _ _ _ _ _ _ _ _ _ _ _ _ _ _ _ _ _ _ _ _ _ _ _ _ _ _ _ _ _ _ _ _ _ _ _ _ _ _ _ _ _ _ _ _ _ _ _\n\nself = <selenium.webdriver.support.wait.WebDriverWait (session=\"a86b3643ca33ba16cd5eff367ccb7cbe\")>, method = <function element_to_be_clickable.<locals>._predicate at 0x00000256346644C0>, message = ''\n\n    def until(self, method: Callable[[WebDriver], Union[Literal[False], T]], message: str = \"\") -> T:\n        \"\"\"Calls the method provided with the driver as an argument until the \\\n        return value does not evaluate to ``False``.\n    \n        :param method: callable(WebDriver)\n        :param message: optional message for :exc:`TimeoutException`\n        :returns: the result of the last call to `method`\n        :raises: :exc:`selenium.common.exceptions.TimeoutException` if timeout occurs\n        \"\"\"\n        screen = None\n        stacktrace = None\n    \n        end_time = time.monotonic() + self._timeout\n        while True:\n            try:\n                value = method(self._driver)\n                if value:\n                    return value\n            except self._ignored_exceptions as exc:\n                screen = getattr(exc, \"screen\", None)\n                stacktrace = getattr(exc, \"stacktrace\", None)\n            time.sleep(self._poll)\n            if time.monotonic() > end_time:\n                break\n>       raise TimeoutException(message, screen, stacktrace)\nE       selenium.common.exceptions.TimeoutException: Message: \nE       Stacktrace:\nE       \tGetHandleVerifier [0x00007FF74A012142+3514994]\nE       \t(No symbol) [0x00007FF749C30CE2]\nE       \t(No symbol) [0x00007FF749AD76AA]\nE       \t(No symbol) [0x00007FF749B21860]\nE       \t(No symbol) [0x00007FF749B2197C]\nE       \t(No symbol) [0x00007FF749B64EE7]\nE       \t(No symbol) [0x00007FF749B4602F]\nE       \t(No symbol) [0x00007FF749B628F6]\nE       \t(No symbol) [0x00007FF749B45D93]\nE       \t(No symbol) [0x00007FF749B14BDC]\nE       \t(No symbol) [0x00007FF749B15C64]\nE       \tGetHandleVerifier [0x00007FF74A03E16B+3695259]\nE       \tGetHandleVerifier [0x00007FF74A096737+4057191]\nE       \tGetHandleVerifier [0x00007FF74A08E4E3+4023827]\nE       \tGetHandleVerifier [0x00007FF749D604F9+689705]\nE       \t(No symbol) [0x00007FF749C3C048]\nE       \t(No symbol) [0x00007FF749C38044]\nE       \t(No symbol) [0x00007FF749C381C9]\nE       \t(No symbol) [0x00007FF749C288C4]\nE       \tBaseThreadInitThunk [0x00007FFAF31D7344+20]\nE       \tRtlUserThreadStart [0x00007FFAF42A26B1+33]\n\nlocal\\lib\\site-packages\\selenium\\webdriver\\support\\wait.py:101: TimeoutException"}, "attachments": [{"name": "Sign-in page", "source": "f2991bec-5439-43ff-af90-54bfdf459420-attachment.png", "type": "image/png"}, {"name": "Phone number", "source": "9d97edd4-36cb-4418-b903-a3d6817449cc-attachment.png", "type": "image/png"}, {"name": "Password", "source": "d798ee99-28b5-4e56-9f7d-70d998fc24e7-attachment.png", "type": "image/png"}, {"name": "Alert message", "source": "b150f004-9676-4936-8870-707299cc8efa-attachment.png", "type": "image/png"}, {"name": "log", "source": "e1e5fa66-ae4a-4b9b-94d1-5c7af450bf35-attachment.txt", "type": "text/plain"}, {"name": "stderr", "source": "43e0788c-e567-44f1-8d9c-5458d9a4f87f-attachment.txt", "type": "text/plain"}], "start": 1705989398280, "stop": 1705989410158, "uuid": "785aa3af-17fc-4c0c-87eb-8e863e6319e8", "historyId": "5e1b7cf81c855df416f02f2b7d33b273", "testCaseId": "5e1b7cf81c855df416f02f2b7d33b273", "fullName": "testCases.test_signin.TestSignIn#test_login_wit_verification", "labels": [{"name": "story", "value": "Verify successful Sign-in with verification."}, {"name": "feature", "value": "Sign-in with verification"}, {"name": "parentSuite", "value": "testCases"}, {"name": "suite", "value": "test_signin"}, {"name": "subSuite", "value": "TestSignIn"}, {"name": "host", "value": "DESKTOP-KARQK2V"}, {"name": "thread", "value": "9068-MainThread"}, {"name": "framework", "value": "pytest"}, {"name": "language", "value": "cpython3"}, {"name": "package", "value": "testCases.test_signin"}]}