{"name": "test_add_member", "status": "broken", "statusDetails": {"message": "selenium.common.exceptions.TimeoutException: Message: \nStacktrace:\n\tGetHandleVerifier [0x00007FF7FBEE2142+3514994]\n\t(No symbol) [0x00007FF7FBB00CE2]\n\t(No symbol) [0x00007FF7FB9A76AA]\n\t(No symbol) [0x00007FF7FB9F1860]\n\t(No symbol) [0x00007FF7FB9F197C]\n\t(No symbol) [0x00007FF7FBA34EE7]\n\t(No symbol) [0x00007FF7FBA1602F]\n\t(No symbol) [0x00007FF7FBA328F6]\n\t(No symbol) [0x00007FF7FBA15D93]\n\t(No symbol) [0x00007FF7FB9E4BDC]\n\t(No symbol) [0x00007FF7FB9E5C64]\n\tGetHandleVerifier [0x00007FF7FBF0E16B+3695259]\n\tGetHandleVerifier [0x00007FF7FBF66737+4057191]\n\tGetHandleVerifier [0x00007FF7FBF5E4E3+4023827]\n\tGetHandleVerifier [0x00007FF7FBC304F9+689705]\n\t(No symbol) [0x00007FF7FBB0C048]\n\t(No symbol) [0x00007FF7FBB08044]\n\t(No symbol) [0x00007FF7FBB081C9]\n\t(No symbol) [0x00007FF7FBAF88C4]\n\tBaseThreadInitThunk [0x00007FFAF31D7344+20]\n\tRtlUserThreadStart [0x00007FFAF42A26B1+33]", "trace": "self = <testCases.test_teams.TestTeam object at 0x0000017D6040EAA0>\nsetup = <selenium.webdriver.chrome.webdriver.WebDriver (session=\"1bdd401866db6b365cadbe2b865f5e9f\")>\n\n    @allure.feature('Adding a member')\n    @allure.story('Verify member is added successfully.')\n    def test_add_member(self, setup):\n        self.random_name = self.bp.generate_random_name()\n        self.random_email = self.bp.generate_random_email()\n        self.random_number = self.bp.generate_random_10_digit_number()\n        self.logger.info(\"__Test One\")\n        self.logger.info(\"__Adding Member\")\n        self.driver = setup\n        self.tp = TeamPage(self.driver)\n        self.sp = SignInPage(self.driver)\n        self.driver.get(self.baseURL)\n        self.driver.maximize_window()\n        self.sp.send_phone(\"+234 878 685 8483\")\n        self.sp.send_password(\"Demo@1234\")\n        self.sp.click_sign_in_btn()\n        self.logger.info(\"__Successful login\")\n        time.sleep(2)\n        self.tp.click_teams_heading()\n        self.logger.info(\"____________Team on header is clicked.\")\n        time.sleep(2)\n    \n        self.tp.click_add_member_btn()\n        self.logger.info(\"____________Clicked add member.\")\n        self.tp.send_f_name(self.random_name)\n        self.logger.info(\"____________First name is entered.\")\n        self.tp.send_l_name(self.l_name)\n        self.logger.info(\"____________Last name is entered.\")\n        self.tp.send_email(self.random_email)\n        self.logger.info(\"Email is entered.\")\n        self.tp.send_phone_member(self.random_number)\n        self.logger.info(\"____________Phone number is entered\")\n        self.tp.select_role_dropdown()\n        self.logger.info(\"____________Clicked on dropdown to select the role\")\n>       self.tp.select_role_member()\n\ntestCases\\test_teams.py:71: \n_ _ _ _ _ _ _ _ _ _ _ _ _ _ _ _ _ _ _ _ _ _ _ _ _ _ _ _ _ _ _ _ _ _ _ _ _ _ _ _\npageObjects\\teams_page.py:44: in select_role_member\n    self.click_element('XPATH', self.tpl.role_member_xpath)\npageObjects\\base_page.py:57: in click_element\n    element = WebDriverWait(self.driver, timeout).until(\n_ _ _ _ _ _ _ _ _ _ _ _ _ _ _ _ _ _ _ _ _ _ _ _ _ _ _ _ _ _ _ _ _ _ _ _ _ _ _ _\n\nself = <selenium.webdriver.support.wait.WebDriverWait (session=\"1bdd401866db6b365cadbe2b865f5e9f\")>\nmethod = <function element_to_be_clickable.<locals>._predicate at 0x0000017D60462710>\nmessage = ''\n\n    def until(self, method: Callable[[WebDriver], Union[Literal[False], T]], message: str = \"\") -> T:\n        \"\"\"Calls the method provided with the driver as an argument until the \\\n        return value does not evaluate to ``False``.\n    \n        :param method: callable(WebDriver)\n        :param message: optional message for :exc:`TimeoutException`\n        :returns: the result of the last call to `method`\n        :raises: :exc:`selenium.common.exceptions.TimeoutException` if timeout occurs\n        \"\"\"\n        screen = None\n        stacktrace = None\n    \n        end_time = time.monotonic() + self._timeout\n        while True:\n            try:\n                value = method(self._driver)\n                if value:\n                    return value\n            except self._ignored_exceptions as exc:\n                screen = getattr(exc, \"screen\", None)\n                stacktrace = getattr(exc, \"stacktrace\", None)\n            time.sleep(self._poll)\n            if time.monotonic() > end_time:\n                break\n>       raise TimeoutException(message, screen, stacktrace)\nE       selenium.common.exceptions.TimeoutException: Message: \nE       Stacktrace:\nE       \tGetHandleVerifier [0x00007FF7FBEE2142+3514994]\nE       \t(No symbol) [0x00007FF7FBB00CE2]\nE       \t(No symbol) [0x00007FF7FB9A76AA]\nE       \t(No symbol) [0x00007FF7FB9F1860]\nE       \t(No symbol) [0x00007FF7FB9F197C]\nE       \t(No symbol) [0x00007FF7FBA34EE7]\nE       \t(No symbol) [0x00007FF7FBA1602F]\nE       \t(No symbol) [0x00007FF7FBA328F6]\nE       \t(No symbol) [0x00007FF7FBA15D93]\nE       \t(No symbol) [0x00007FF7FB9E4BDC]\nE       \t(No symbol) [0x00007FF7FB9E5C64]\nE       \tGetHandleVerifier [0x00007FF7FBF0E16B+3695259]\nE       \tGetHandleVerifier [0x00007FF7FBF66737+4057191]\nE       \tGetHandleVerifier [0x00007FF7FBF5E4E3+4023827]\nE       \tGetHandleVerifier [0x00007FF7FBC304F9+689705]\nE       \t(No symbol) [0x00007FF7FBB0C048]\nE       \t(No symbol) [0x00007FF7FBB08044]\nE       \t(No symbol) [0x00007FF7FBB081C9]\nE       \t(No symbol) [0x00007FF7FBAF88C4]\nE       \tBaseThreadInitThunk [0x00007FFAF31D7344+20]\nE       \tRtlUserThreadStart [0x00007FFAF42A26B1+33]\n\nlocal\\lib\\site-packages\\selenium\\webdriver\\support\\wait.py:101: TimeoutException"}, "attachments": [{"name": "log", "source": "94744a7b-a147-4720-9558-9749b0525283-attachment.txt", "type": "text/plain"}, {"name": "stderr", "source": "a5a6aa67-f54d-403b-b959-20f76aa413aa-attachment.txt", "type": "text/plain"}], "start": 1706163884102, "stop": 1706163907577, "uuid": "854e09be-eef1-4204-9cc8-6680e7f18068", "historyId": "ab61e05240e9a8d3857743f03dd3c035", "testCaseId": "ab61e05240e9a8d3857743f03dd3c035", "fullName": "testCases.test_teams.TestTeam#test_add_member", "labels": [{"name": "story", "value": "Verify member is added successfully."}, {"name": "feature", "value": "Adding a member"}, {"name": "parentSuite", "value": "testCases"}, {"name": "suite", "value": "test_teams"}, {"name": "subSuite", "value": "TestTeam"}, {"name": "host", "value": "DESKTOP-KARQK2V"}, {"name": "thread", "value": "13288-MainThread"}, {"name": "framework", "value": "pytest"}, {"name": "language", "value": "cpython3"}, {"name": "package", "value": "testCases.test_teams"}]}