{"name": "test_add_member", "status": "broken", "statusDetails": {"message": "selenium.common.exceptions.TimeoutException: Message: \nStacktrace:\n\tGetHandleVerifier [0x00007FF74A012142+3514994]\n\t(No symbol) [0x00007FF749C30CE2]\n\t(No symbol) [0x00007FF749AD76AA]\n\t(No symbol) [0x00007FF749B21860]\n\t(No symbol) [0x00007FF749B2197C]\n\t(No symbol) [0x00007FF749B64EE7]\n\t(No symbol) [0x00007FF749B4602F]\n\t(No symbol) [0x00007FF749B628F6]\n\t(No symbol) [0x00007FF749B45D93]\n\t(No symbol) [0x00007FF749B14BDC]\n\t(No symbol) [0x00007FF749B15C64]\n\tGetHandleVerifier [0x00007FF74A03E16B+3695259]\n\tGetHandleVerifier [0x00007FF74A096737+4057191]\n\tGetHandleVerifier [0x00007FF74A08E4E3+4023827]\n\tGetHandleVerifier [0x00007FF749D604F9+689705]\n\t(No symbol) [0x00007FF749C3C048]\n\t(No symbol) [0x00007FF749C38044]\n\t(No symbol) [0x00007FF749C381C9]\n\t(No symbol) [0x00007FF749C288C4]\n\tBaseThreadInitThunk [0x00007FFAF31D7344+20]\n\tRtlUserThreadStart [0x00007FFAF42A26B1+33]", "trace": "self = <testCases.test_teams.TestTeam object at 0x0000025634555420>, setup = <selenium.webdriver.chrome.webdriver.WebDriver (session=\"eddcd53aebedf55e2108882fc494e0ea\")>\n\n    @allure.feature('Adding a member')\n    @allure.story('Verify member is added successfully.')\n    def test_add_member(self, setup):\n        self.random_name = self.bp.generate_random_name()\n        self.random_email = self.bp.generate_random_email()\n        self.random_number = self.bp.generate_random_10_digit_number()\n        self.logger.info(\"__Test One\")\n        self.logger.info(\"__Adding Member\")\n        self.driver = setup\n        self.tp = TeamPage(self.driver)\n        self.sp = SignInPage(self.driver)\n        self.driver.get(self.baseURL)\n        self.driver.maximize_window()\n        self.sp.send_phone(\"+234 1234567890\")\n        self.sp.send_password(\"OhMG@123\")\n        self.sp.click_sign_in_btn()\n        self.logger.info(\"__Successful login\")\n        time.sleep(2)\n>       self.tp.click_teams_heading()\n\ntestCases\\test_teams.py:55: \n_ _ _ _ _ _ _ _ _ _ _ _ _ _ _ _ _ _ _ _ _ _ _ _ _ _ _ _ _ _ _ _ _ _ _ _ _ _ _ _ _ _ _ _ _ _ _ _ _ _ _ _ _ _ _ _ _ _ _ _ _ _ _ _ _ _ _ _ _ _ _ _ _ _ _ _ _ _ _ _ _ _ _ _ _ _ _ _ _ _ _ _ _ _ _ _ _ _ _ _ _ _ _ _ _ _ _ _ _ _ _ _ _ _\npageObjects\\teams_page.py:21: in click_teams_heading\n    self.click_element('XPATH', self.tpl.teams_heading_xpath)\npageObjects\\base_page.py:57: in click_element\n    element = WebDriverWait(self.driver, timeout).until(\n_ _ _ _ _ _ _ _ _ _ _ _ _ _ _ _ _ _ _ _ _ _ _ _ _ _ _ _ _ _ _ _ _ _ _ _ _ _ _ _ _ _ _ _ _ _ _ _ _ _ _ _ _ _ _ _ _ _ _ _ _ _ _ _ _ _ _ _ _ _ _ _ _ _ _ _ _ _ _ _ _ _ _ _ _ _ _ _ _ _ _ _ _ _ _ _ _ _ _ _ _ _ _ _ _ _ _ _ _ _ _ _ _ _\n\nself = <selenium.webdriver.support.wait.WebDriverWait (session=\"eddcd53aebedf55e2108882fc494e0ea\")>, method = <function element_to_be_clickable.<locals>._predicate at 0x000002563464BA30>, message = ''\n\n    def until(self, method: Callable[[WebDriver], Union[Literal[False], T]], message: str = \"\") -> T:\n        \"\"\"Calls the method provided with the driver as an argument until the \\\n        return value does not evaluate to ``False``.\n    \n        :param method: callable(WebDriver)\n        :param message: optional message for :exc:`TimeoutException`\n        :returns: the result of the last call to `method`\n        :raises: :exc:`selenium.common.exceptions.TimeoutException` if timeout occurs\n        \"\"\"\n        screen = None\n        stacktrace = None\n    \n        end_time = time.monotonic() + self._timeout\n        while True:\n            try:\n                value = method(self._driver)\n                if value:\n                    return value\n            except self._ignored_exceptions as exc:\n                screen = getattr(exc, \"screen\", None)\n                stacktrace = getattr(exc, \"stacktrace\", None)\n            time.sleep(self._poll)\n            if time.monotonic() > end_time:\n                break\n>       raise TimeoutException(message, screen, stacktrace)\nE       selenium.common.exceptions.TimeoutException: Message: \nE       Stacktrace:\nE       \tGetHandleVerifier [0x00007FF74A012142+3514994]\nE       \t(No symbol) [0x00007FF749C30CE2]\nE       \t(No symbol) [0x00007FF749AD76AA]\nE       \t(No symbol) [0x00007FF749B21860]\nE       \t(No symbol) [0x00007FF749B2197C]\nE       \t(No symbol) [0x00007FF749B64EE7]\nE       \t(No symbol) [0x00007FF749B4602F]\nE       \t(No symbol) [0x00007FF749B628F6]\nE       \t(No symbol) [0x00007FF749B45D93]\nE       \t(No symbol) [0x00007FF749B14BDC]\nE       \t(No symbol) [0x00007FF749B15C64]\nE       \tGetHandleVerifier [0x00007FF74A03E16B+3695259]\nE       \tGetHandleVerifier [0x00007FF74A096737+4057191]\nE       \tGetHandleVerifier [0x00007FF74A08E4E3+4023827]\nE       \tGetHandleVerifier [0x00007FF749D604F9+689705]\nE       \t(No symbol) [0x00007FF749C3C048]\nE       \t(No symbol) [0x00007FF749C38044]\nE       \t(No symbol) [0x00007FF749C381C9]\nE       \t(No symbol) [0x00007FF749C288C4]\nE       \tBaseThreadInitThunk [0x00007FFAF31D7344+20]\nE       \tRtlUserThreadStart [0x00007FFAF42A26B1+33]\n\nlocal\\lib\\site-packages\\selenium\\webdriver\\support\\wait.py:101: TimeoutException"}, "attachments": [{"name": "log", "source": "20a74d72-3313-48b6-86bb-1e0fb8bcec71-attachment.txt", "type": "text/plain"}, {"name": "stderr", "source": "2a54dcf1-96b7-495b-86c5-ca68c403e6dc-attachment.txt", "type": "text/plain"}], "start": 1705989422815, "stop": 1705989440386, "uuid": "4409fac9-76f1-41d2-82cc-49f16512648b", "historyId": "ab61e05240e9a8d3857743f03dd3c035", "testCaseId": "ab61e05240e9a8d3857743f03dd3c035", "fullName": "testCases.test_teams.TestTeam#test_add_member", "labels": [{"name": "story", "value": "Verify member is added successfully."}, {"name": "feature", "value": "Adding a member"}, {"name": "parentSuite", "value": "testCases"}, {"name": "suite", "value": "test_teams"}, {"name": "subSuite", "value": "TestTeam"}, {"name": "host", "value": "DESKTOP-KARQK2V"}, {"name": "thread", "value": "9068-MainThread"}, {"name": "framework", "value": "pytest"}, {"name": "language", "value": "cpython3"}, {"name": "package", "value": "testCases.test_teams"}]}