{"name": "test_one", "status": "broken", "statusDetails": {"message": "selenium.common.exceptions.TimeoutException: Message: \nStacktrace:\n\tGetHandleVerifier [0x00007FF680402142+3514994]\n\t(No symbol) [0x00007FF680020CE2]\n\t(No symbol) [0x00007FF67FEC76AA]\n\t(No symbol) [0x00007FF67FF11860]\n\t(No symbol) [0x00007FF67FF1197C]\n\t(No symbol) [0x00007FF67FF54EE7]\n\t(No symbol) [0x00007FF67FF3602F]\n\t(No symbol) [0x00007FF67FF528F6]\n\t(No symbol) [0x00007FF67FF35D93]\n\t(No symbol) [0x00007FF67FF04BDC]\n\t(No symbol) [0x00007FF67FF05C64]\n\tGetHandleVerifier [0x00007FF68042E16B+3695259]\n\tGetHandleVerifier [0x00007FF680486737+4057191]\n\tGetHandleVerifier [0x00007FF68047E4E3+4023827]\n\tGetHandleVerifier [0x00007FF6801504F9+689705]\n\t(No symbol) [0x00007FF68002C048]\n\t(No symbol) [0x00007FF680028044]\n\t(No symbol) [0x00007FF6800281C9]\n\t(No symbol) [0x00007FF6800188C4]\n\tBaseThreadInitThunk [0x00007FFAF31D7344+20]\n\tRtlUserThreadStart [0x00007FFAF42A26B1+33]", "trace": "self = <testCases.test_phone.TestPhone object at 0x00000211EF2F69B0>, setup = <selenium.webdriver.chrome.webdriver.WebDriver (session=\"edad5c9c3d762c3ee511011ae36eda36\")>\n\n    def test_one(self, setup):\n        self.driver = setup\n        self.pp = PhonePage(self.driver)\n        self.tp = TeamPage(self.driver)\n        self.sp = SignInPage(self.driver)\n        self.driver.get(self.baseURL)\n        self.driver.maximize_window()\n        self.sp.send_phone(\"+234 1234567890\")\n        self.sp.send_password(\"OhMG@123\")\n        self.sp.click_sign_in_btn()\n        self.logger.info(\"__Successful login\")\n        self.pp.click_heading()\n        self.pp.click_three_dot_menu()\n        self.pp.click_assign_to()\n        self.pp.select_members_to_assign()\n        self.pp.click_assign_button()\n        self.pp.click_three_dot_menu()\n        self.pp.update_forwarding()\n        self.pp.click_drpdown_forward_call_to()\n        time.sleep(3)\n        self.pp.forward_call_to_team()\n        time.sleep(3)\n        self.pp.select_drpdown_team_for_forwarding()\n        time.sleep(3)\n>       self.pp.select_team()\n\ntestCases\\test_phone.py:45: \n_ _ _ _ _ _ _ _ _ _ _ _ _ _ _ _ _ _ _ _ _ _ _ _ _ _ _ _ _ _ _ _ _ _ _ _ _ _ _ _ _ _ _ _ _ _ _ _ _ _ _ _ _ _ _ _ _ _ _ _ _ _ _ _ _ _ _ _ _ _ _ _ _ _ _ _ _ _ _ _ _ _ _ _ _ _ _ _ _ _ _ _ _ _ _ _ _ _ _ _ _ _ _ _ _ _ _ _ _ _ _ _ _ _\npageObjects\\phone_page.py:39: in select_team\n    self.click_element('XPATH', self.ppl.select_team_xpath)\npageObjects\\base_page.py:57: in click_element\n    element = WebDriverWait(self.driver, timeout).until(\n_ _ _ _ _ _ _ _ _ _ _ _ _ _ _ _ _ _ _ _ _ _ _ _ _ _ _ _ _ _ _ _ _ _ _ _ _ _ _ _ _ _ _ _ _ _ _ _ _ _ _ _ _ _ _ _ _ _ _ _ _ _ _ _ _ _ _ _ _ _ _ _ _ _ _ _ _ _ _ _ _ _ _ _ _ _ _ _ _ _ _ _ _ _ _ _ _ _ _ _ _ _ _ _ _ _ _ _ _ _ _ _ _ _\n\nself = <selenium.webdriver.support.wait.WebDriverWait (session=\"edad5c9c3d762c3ee511011ae36eda36\")>, method = <function element_to_be_clickable.<locals>._predicate at 0x00000211EFA4BD00>, message = ''\n\n    def until(self, method: Callable[[WebDriver], Union[Literal[False], T]], message: str = \"\") -> T:\n        \"\"\"Calls the method provided with the driver as an argument until the \\\n        return value does not evaluate to ``False``.\n    \n        :param method: callable(WebDriver)\n        :param message: optional message for :exc:`TimeoutException`\n        :returns: the result of the last call to `method`\n        :raises: :exc:`selenium.common.exceptions.TimeoutException` if timeout occurs\n        \"\"\"\n        screen = None\n        stacktrace = None\n    \n        end_time = time.monotonic() + self._timeout\n        while True:\n            try:\n                value = method(self._driver)\n                if value:\n                    return value\n            except self._ignored_exceptions as exc:\n                screen = getattr(exc, \"screen\", None)\n                stacktrace = getattr(exc, \"stacktrace\", None)\n            time.sleep(self._poll)\n            if time.monotonic() > end_time:\n                break\n>       raise TimeoutException(message, screen, stacktrace)\nE       selenium.common.exceptions.TimeoutException: Message: \nE       Stacktrace:\nE       \tGetHandleVerifier [0x00007FF680402142+3514994]\nE       \t(No symbol) [0x00007FF680020CE2]\nE       \t(No symbol) [0x00007FF67FEC76AA]\nE       \t(No symbol) [0x00007FF67FF11860]\nE       \t(No symbol) [0x00007FF67FF1197C]\nE       \t(No symbol) [0x00007FF67FF54EE7]\nE       \t(No symbol) [0x00007FF67FF3602F]\nE       \t(No symbol) [0x00007FF67FF528F6]\nE       \t(No symbol) [0x00007FF67FF35D93]\nE       \t(No symbol) [0x00007FF67FF04BDC]\nE       \t(No symbol) [0x00007FF67FF05C64]\nE       \tGetHandleVerifier [0x00007FF68042E16B+3695259]\nE       \tGetHandleVerifier [0x00007FF680486737+4057191]\nE       \tGetHandleVerifier [0x00007FF68047E4E3+4023827]\nE       \tGetHandleVerifier [0x00007FF6801504F9+689705]\nE       \t(No symbol) [0x00007FF68002C048]\nE       \t(No symbol) [0x00007FF680028044]\nE       \t(No symbol) [0x00007FF6800281C9]\nE       \t(No symbol) [0x00007FF6800188C4]\nE       \tBaseThreadInitThunk [0x00007FFAF31D7344+20]\nE       \tRtlUserThreadStart [0x00007FFAF42A26B1+33]\n\nlocal\\lib\\site-packages\\selenium\\webdriver\\support\\wait.py:101: TimeoutException"}, "attachments": [{"name": "log", "source": "f7a4462b-7767-4a5a-a458-501a90c4fa46-attachment.txt", "type": "text/plain"}, {"name": "stderr", "source": "d9a07b00-bcb1-4053-8bb7-273e450820fc-attachment.txt", "type": "text/plain"}], "start": 1705671348667, "stop": 1705671378778, "uuid": "cbe77ff3-c471-401a-af53-77fa05e6e1eb", "historyId": "7c5ef9df76f8e759e5a40d33c9ac0c95", "testCaseId": "7c5ef9df76f8e759e5a40d33c9ac0c95", "fullName": "testCases.test_phone.TestPhone#test_one", "labels": [{"name": "parentSuite", "value": "testCases"}, {"name": "suite", "value": "test_phone"}, {"name": "subSuite", "value": "TestPhone"}, {"name": "host", "value": "DESKTOP-KARQK2V"}, {"name": "thread", "value": "7048-MainThread"}, {"name": "framework", "value": "pytest"}, {"name": "language", "value": "cpython3"}, {"name": "package", "value": "testCases.test_phone"}]}