{"name": "test_create_team", "status": "broken", "statusDetails": {"message": "selenium.common.exceptions.TimeoutException: Message: \nStacktrace:\n\tGetHandleVerifier [0x00007FF6AF002142+3514994]\n\t(No symbol) [0x00007FF6AEC20CE2]\n\t(No symbol) [0x00007FF6AEAC76AA]\n\t(No symbol) [0x00007FF6AEB11860]\n\t(No symbol) [0x00007FF6AEB1197C]\n\t(No symbol) [0x00007FF6AEB54EE7]\n\t(No symbol) [0x00007FF6AEB3602F]\n\t(No symbol) [0x00007FF6AEB528F6]\n\t(No symbol) [0x00007FF6AEB35D93]\n\t(No symbol) [0x00007FF6AEB04BDC]\n\t(No symbol) [0x00007FF6AEB05C64]\n\tGetHandleVerifier [0x00007FF6AF02E16B+3695259]\n\tGetHandleVerifier [0x00007FF6AF086737+4057191]\n\tGetHandleVerifier [0x00007FF6AF07E4E3+4023827]\n\tGetHandleVerifier [0x00007FF6AED504F9+689705]\n\t(No symbol) [0x00007FF6AEC2C048]\n\t(No symbol) [0x00007FF6AEC28044]\n\t(No symbol) [0x00007FF6AEC281C9]\n\t(No symbol) [0x00007FF6AEC188C4]\n\tBaseThreadInitThunk [0x00007FFAF31D7344+20]\n\tRtlUserThreadStart [0x00007FFAF42A26B1+33]", "trace": "self = <testCases.test_teams.TestTeam object at 0x000001E16CE2EF20>\nsetup = <selenium.webdriver.chrome.webdriver.WebDriver (session=\"de1783b0969e21138be76d32f02881b9\")>\n\n    @allure.feature('Creating a Team')\n    @allure.story('Verify team with member is added successfully.')\n    def test_create_team(self, setup):\n        self.random_team_name = self.bp.generate_random_name()\n        self.random_name = self.bp.generate_random_name()\n        self.driver = setup\n        self.tp = TeamPage(self.driver)\n        self.tp.click_subheading_teams()\n        self.logger.info(\"__Clicked on the teams in sidebar\")\n        self.tp.click_create_team()\n        self.logger.info(\"__Clicked on the create team.\")\n        self.tp.send_team_name(self.random_team_name)\n        self.logger.info(\"__Team name is entered.\")\n        self.tp.select_members_drpdown()\n        self.logger.info(\"__Clicked on 'Select dropdown'\")\n        time.sleep(2)\n>       self.tp.dropdown_list_select_members()\n\ntestCases\\test_teams.py:130: \n_ _ _ _ _ _ _ _ _ _ _ _ _ _ _ _ _ _ _ _ _ _ _ _ _ _ _ _ _ _ _ _ _ _ _ _ _ _ _ _\npageObjects\\teams_page.py:82: in dropdown_list_select_members\n    self.click_element('XPATH', dynamic_xpath)\npageObjects\\base_page.py:57: in click_element\n    element = WebDriverWait(self.driver, timeout).until(\n_ _ _ _ _ _ _ _ _ _ _ _ _ _ _ _ _ _ _ _ _ _ _ _ _ _ _ _ _ _ _ _ _ _ _ _ _ _ _ _\n\nself = <selenium.webdriver.support.wait.WebDriverWait (session=\"de1783b0969e21138be76d32f02881b9\")>\nmethod = <function element_to_be_clickable.<locals>._predicate at 0x000001E16D2EDBD0>\nmessage = ''\n\n    def until(self, method: Callable[[WebDriver], Union[Literal[False], T]], message: str = \"\") -> T:\n        \"\"\"Calls the method provided with the driver as an argument until the \\\n        return value does not evaluate to ``False``.\n    \n        :param method: callable(WebDriver)\n        :param message: optional message for :exc:`TimeoutException`\n        :returns: the result of the last call to `method`\n        :raises: :exc:`selenium.common.exceptions.TimeoutException` if timeout occurs\n        \"\"\"\n        screen = None\n        stacktrace = None\n    \n        end_time = time.monotonic() + self._timeout\n        while True:\n            try:\n                value = method(self._driver)\n                if value:\n                    return value\n            except self._ignored_exceptions as exc:\n                screen = getattr(exc, \"screen\", None)\n                stacktrace = getattr(exc, \"stacktrace\", None)\n            time.sleep(self._poll)\n            if time.monotonic() > end_time:\n                break\n>       raise TimeoutException(message, screen, stacktrace)\nE       selenium.common.exceptions.TimeoutException: Message: \nE       Stacktrace:\nE       \tGetHandleVerifier [0x00007FF6AF002142+3514994]\nE       \t(No symbol) [0x00007FF6AEC20CE2]\nE       \t(No symbol) [0x00007FF6AEAC76AA]\nE       \t(No symbol) [0x00007FF6AEB11860]\nE       \t(No symbol) [0x00007FF6AEB1197C]\nE       \t(No symbol) [0x00007FF6AEB54EE7]\nE       \t(No symbol) [0x00007FF6AEB3602F]\nE       \t(No symbol) [0x00007FF6AEB528F6]\nE       \t(No symbol) [0x00007FF6AEB35D93]\nE       \t(No symbol) [0x00007FF6AEB04BDC]\nE       \t(No symbol) [0x00007FF6AEB05C64]\nE       \tGetHandleVerifier [0x00007FF6AF02E16B+3695259]\nE       \tGetHandleVerifier [0x00007FF6AF086737+4057191]\nE       \tGetHandleVerifier [0x00007FF6AF07E4E3+4023827]\nE       \tGetHandleVerifier [0x00007FF6AED504F9+689705]\nE       \t(No symbol) [0x00007FF6AEC2C048]\nE       \t(No symbol) [0x00007FF6AEC28044]\nE       \t(No symbol) [0x00007FF6AEC281C9]\nE       \t(No symbol) [0x00007FF6AEC188C4]\nE       \tBaseThreadInitThunk [0x00007FFAF31D7344+20]\nE       \tRtlUserThreadStart [0x00007FFAF42A26B1+33]\n\nlocal\\lib\\site-packages\\selenium\\webdriver\\support\\wait.py:101: TimeoutException"}, "attachments": [{"name": "log", "source": "eee567bc-b836-4125-9fad-1af484717506-attachment.txt", "type": "text/plain"}, {"name": "stdout", "source": "e2cc9364-009c-4303-bc0b-60f71f429b83-attachment.txt", "type": "text/plain"}, {"name": "stderr", "source": "26f3cd71-6429-42f6-a4aa-d56931e680e4-attachment.txt", "type": "text/plain"}], "start": 1706098102022, "stop": 1706098129318, "uuid": "03e8b554-20dc-4f5a-977c-ac259fb7a74b", "historyId": "0b6e38e763bb935c131e6de62db06e32", "testCaseId": "0b6e38e763bb935c131e6de62db06e32", "fullName": "testCases.test_teams.TestTeam#test_create_team", "labels": [{"name": "feature", "value": "Creating a Team"}, {"name": "story", "value": "Verify team with member is added successfully."}, {"name": "parentSuite", "value": "testCases"}, {"name": "suite", "value": "test_teams"}, {"name": "subSuite", "value": "TestTeam"}, {"name": "host", "value": "DESKTOP-KARQK2V"}, {"name": "thread", "value": "12088-MainThread"}, {"name": "framework", "value": "pytest"}, {"name": "language", "value": "cpython3"}, {"name": "package", "value": "testCases.test_teams"}]}