{"name": "test_create_an_admin", "status": "broken", "statusDetails": {"message": "selenium.common.exceptions.TimeoutException: Message: \nStacktrace:\n\tGetHandleVerifier [0x00007FF74A012142+3514994]\n\t(No symbol) [0x00007FF749C30CE2]\n\t(No symbol) [0x00007FF749AD76AA]\n\t(No symbol) [0x00007FF749B21860]\n\t(No symbol) [0x00007FF749B2197C]\n\t(No symbol) [0x00007FF749B64EE7]\n\t(No symbol) [0x00007FF749B4602F]\n\t(No symbol) [0x00007FF749B628F6]\n\t(No symbol) [0x00007FF749B45D93]\n\t(No symbol) [0x00007FF749B14BDC]\n\t(No symbol) [0x00007FF749B15C64]\n\tGetHandleVerifier [0x00007FF74A03E16B+3695259]\n\tGetHandleVerifier [0x00007FF74A096737+4057191]\n\tGetHandleVerifier [0x00007FF74A08E4E3+4023827]\n\tGetHandleVerifier [0x00007FF749D604F9+689705]\n\t(No symbol) [0x00007FF749C3C048]\n\t(No symbol) [0x00007FF749C38044]\n\t(No symbol) [0x00007FF749C381C9]\n\t(No symbol) [0x00007FF749C288C4]\n\tBaseThreadInitThunk [0x00007FFAF31D7344+20]\n\tRtlUserThreadStart [0x00007FFAF42A26B1+33]", "trace": "self = <testCases.test_teams.TestTeam object at 0x0000025634555480>, setup = <selenium.webdriver.chrome.webdriver.WebDriver (session=\"eddcd53aebedf55e2108882fc494e0ea\")>\n\n    def test_create_an_admin(self, setup):\n        self.random_name = self.bp.generate_random_name()\n        self.random_email = self.bp.generate_random_email()\n        self.random_number = self.bp.generate_random_10_digit_number()\n        self.driver = setup\n        self.tp = TeamPage(self.driver)\n>       self.tp.click_add_member_btn()\n\ntestCases\\test_teams.py:90: \n_ _ _ _ _ _ _ _ _ _ _ _ _ _ _ _ _ _ _ _ _ _ _ _ _ _ _ _ _ _ _ _ _ _ _ _ _ _ _ _ _ _ _ _ _ _ _ _ _ _ _ _ _ _ _ _ _ _ _ _ _ _ _ _ _ _ _ _ _ _ _ _ _ _ _ _ _ _ _ _ _ _ _ _ _ _ _ _ _ _ _ _ _ _ _ _ _ _ _ _ _ _ _ _ _ _ _ _ _ _ _ _ _ _\npageObjects\\teams_page.py:24: in click_add_member_btn\n    self.click_element('CSS_SELECTOR', self.tpl.add_member_btn_css)\npageObjects\\base_page.py:57: in click_element\n    element = WebDriverWait(self.driver, timeout).until(\n_ _ _ _ _ _ _ _ _ _ _ _ _ _ _ _ _ _ _ _ _ _ _ _ _ _ _ _ _ _ _ _ _ _ _ _ _ _ _ _ _ _ _ _ _ _ _ _ _ _ _ _ _ _ _ _ _ _ _ _ _ _ _ _ _ _ _ _ _ _ _ _ _ _ _ _ _ _ _ _ _ _ _ _ _ _ _ _ _ _ _ _ _ _ _ _ _ _ _ _ _ _ _ _ _ _ _ _ _ _ _ _ _ _\n\nself = <selenium.webdriver.support.wait.WebDriverWait (session=\"eddcd53aebedf55e2108882fc494e0ea\")>, method = <function element_to_be_clickable.<locals>._predicate at 0x000002563456F1C0>, message = ''\n\n    def until(self, method: Callable[[WebDriver], Union[Literal[False], T]], message: str = \"\") -> T:\n        \"\"\"Calls the method provided with the driver as an argument until the \\\n        return value does not evaluate to ``False``.\n    \n        :param method: callable(WebDriver)\n        :param message: optional message for :exc:`TimeoutException`\n        :returns: the result of the last call to `method`\n        :raises: :exc:`selenium.common.exceptions.TimeoutException` if timeout occurs\n        \"\"\"\n        screen = None\n        stacktrace = None\n    \n        end_time = time.monotonic() + self._timeout\n        while True:\n            try:\n                value = method(self._driver)\n                if value:\n                    return value\n            except self._ignored_exceptions as exc:\n                screen = getattr(exc, \"screen\", None)\n                stacktrace = getattr(exc, \"stacktrace\", None)\n            time.sleep(self._poll)\n            if time.monotonic() > end_time:\n                break\n>       raise TimeoutException(message, screen, stacktrace)\nE       selenium.common.exceptions.TimeoutException: Message: \nE       Stacktrace:\nE       \tGetHandleVerifier [0x00007FF74A012142+3514994]\nE       \t(No symbol) [0x00007FF749C30CE2]\nE       \t(No symbol) [0x00007FF749AD76AA]\nE       \t(No symbol) [0x00007FF749B21860]\nE       \t(No symbol) [0x00007FF749B2197C]\nE       \t(No symbol) [0x00007FF749B64EE7]\nE       \t(No symbol) [0x00007FF749B4602F]\nE       \t(No symbol) [0x00007FF749B628F6]\nE       \t(No symbol) [0x00007FF749B45D93]\nE       \t(No symbol) [0x00007FF749B14BDC]\nE       \t(No symbol) [0x00007FF749B15C64]\nE       \tGetHandleVerifier [0x00007FF74A03E16B+3695259]\nE       \tGetHandleVerifier [0x00007FF74A096737+4057191]\nE       \tGetHandleVerifier [0x00007FF74A08E4E3+4023827]\nE       \tGetHandleVerifier [0x00007FF749D604F9+689705]\nE       \t(No symbol) [0x00007FF749C3C048]\nE       \t(No symbol) [0x00007FF749C38044]\nE       \t(No symbol) [0x00007FF749C381C9]\nE       \t(No symbol) [0x00007FF749C288C4]\nE       \tBaseThreadInitThunk [0x00007FFAF31D7344+20]\nE       \tRtlUserThreadStart [0x00007FFAF42A26B1+33]\n\nlocal\\lib\\site-packages\\selenium\\webdriver\\support\\wait.py:101: TimeoutException"}, "start": 1705989440473, "stop": 1705989450987, "uuid": "d509cc12-625c-42f9-b048-c41c5b7acc89", "historyId": "f1bd5e8d9f754179ba61c7f02aebe4c9", "testCaseId": "f1bd5e8d9f754179ba61c7f02aebe4c9", "fullName": "testCases.test_teams.TestTeam#test_create_an_admin", "labels": [{"name": "parentSuite", "value": "testCases"}, {"name": "suite", "value": "test_teams"}, {"name": "subSuite", "value": "TestTeam"}, {"name": "host", "value": "DESKTOP-KARQK2V"}, {"name": "thread", "value": "9068-MainThread"}, {"name": "framework", "value": "pytest"}, {"name": "language", "value": "cpython3"}, {"name": "package", "value": "testCases.test_teams"}]}