{"name": "test_perform_actions_team", "status": "broken", "statusDetails": {"message": "selenium.common.exceptions.TimeoutException: Message: \nStacktrace:\n\tGetHandleVerifier [0x00007FF6AF002142+3514994]\n\t(No symbol) [0x00007FF6AEC20CE2]\n\t(No symbol) [0x00007FF6AEAC76AA]\n\t(No symbol) [0x00007FF6AEB11860]\n\t(No symbol) [0x00007FF6AEB1197C]\n\t(No symbol) [0x00007FF6AEB54EE7]\n\t(No symbol) [0x00007FF6AEB3602F]\n\t(No symbol) [0x00007FF6AEB528F6]\n\t(No symbol) [0x00007FF6AEB35D93]\n\t(No symbol) [0x00007FF6AEB04BDC]\n\t(No symbol) [0x00007FF6AEB05C64]\n\tGetHandleVerifier [0x00007FF6AF02E16B+3695259]\n\tGetHandleVerifier [0x00007FF6AF086737+4057191]\n\tGetHandleVerifier [0x00007FF6AF07E4E3+4023827]\n\tGetHandleVerifier [0x00007FF6AED504F9+689705]\n\t(No symbol) [0x00007FF6AEC2C048]\n\t(No symbol) [0x00007FF6AEC28044]\n\t(No symbol) [0x00007FF6AEC281C9]\n\t(No symbol) [0x00007FF6AEC188C4]\n\tBaseThreadInitThunk [0x00007FFAF31D7344+20]\n\tRtlUserThreadStart [0x00007FFAF42A26B1+33]", "trace": "self = <testCases.test_teams.TestTeam object at 0x000002024FD32650>\nsetup = <selenium.webdriver.chrome.webdriver.WebDriver (session=\"5a8d311d13d8b995118f18c5b9c60b3b\")>\n\n    @allure.feature('Inviting team members to already created teams')\n    @allure.feature('Verify that a team members are invited successfully')\n    def test_perform_actions_team(self, setup):\n        self.driver = setup\n        self.tp = TeamPage(self.driver)\n        self.random_team_name = self.bp.generate_random_name()\n>       self.tp.click_subheading_teams()\n\ntestCases\\test_teams.py:160: \n_ _ _ _ _ _ _ _ _ _ _ _ _ _ _ _ _ _ _ _ _ _ _ _ _ _ _ _ _ _ _ _ _ _ _ _ _ _ _ _\npageObjects\\teams_page.py:56: in click_subheading_teams\n    self.click_element('CSS_SELECTOR', self.tpl.teams_sub_heading_css)\npageObjects\\base_page.py:57: in click_element\n    element = WebDriverWait(self.driver, timeout).until(\n_ _ _ _ _ _ _ _ _ _ _ _ _ _ _ _ _ _ _ _ _ _ _ _ _ _ _ _ _ _ _ _ _ _ _ _ _ _ _ _\n\nself = <selenium.webdriver.support.wait.WebDriverWait (session=\"5a8d311d13d8b995118f18c5b9c60b3b\")>\nmethod = <function element_to_be_clickable.<locals>._predicate at 0x000002024FF69480>\nmessage = ''\n\n    def until(self, method: Callable[[WebDriver], Union[Literal[False], T]], message: str = \"\") -> T:\n        \"\"\"Calls the method provided with the driver as an argument until the \\\n        return value does not evaluate to ``False``.\n    \n        :param method: callable(WebDriver)\n        :param message: optional message for :exc:`TimeoutException`\n        :returns: the result of the last call to `method`\n        :raises: :exc:`selenium.common.exceptions.TimeoutException` if timeout occurs\n        \"\"\"\n        screen = None\n        stacktrace = None\n    \n        end_time = time.monotonic() + self._timeout\n        while True:\n            try:\n                value = method(self._driver)\n                if value:\n                    return value\n            except self._ignored_exceptions as exc:\n                screen = getattr(exc, \"screen\", None)\n                stacktrace = getattr(exc, \"stacktrace\", None)\n            time.sleep(self._poll)\n            if time.monotonic() > end_time:\n                break\n>       raise TimeoutException(message, screen, stacktrace)\nE       selenium.common.exceptions.TimeoutException: Message: \nE       Stacktrace:\nE       \tGetHandleVerifier [0x00007FF6AF002142+3514994]\nE       \t(No symbol) [0x00007FF6AEC20CE2]\nE       \t(No symbol) [0x00007FF6AEAC76AA]\nE       \t(No symbol) [0x00007FF6AEB11860]\nE       \t(No symbol) [0x00007FF6AEB1197C]\nE       \t(No symbol) [0x00007FF6AEB54EE7]\nE       \t(No symbol) [0x00007FF6AEB3602F]\nE       \t(No symbol) [0x00007FF6AEB528F6]\nE       \t(No symbol) [0x00007FF6AEB35D93]\nE       \t(No symbol) [0x00007FF6AEB04BDC]\nE       \t(No symbol) [0x00007FF6AEB05C64]\nE       \tGetHandleVerifier [0x00007FF6AF02E16B+3695259]\nE       \tGetHandleVerifier [0x00007FF6AF086737+4057191]\nE       \tGetHandleVerifier [0x00007FF6AF07E4E3+4023827]\nE       \tGetHandleVerifier [0x00007FF6AED504F9+689705]\nE       \t(No symbol) [0x00007FF6AEC2C048]\nE       \t(No symbol) [0x00007FF6AEC28044]\nE       \t(No symbol) [0x00007FF6AEC281C9]\nE       \t(No symbol) [0x00007FF6AEC188C4]\nE       \tBaseThreadInitThunk [0x00007FFAF31D7344+20]\nE       \tRtlUserThreadStart [0x00007FFAF42A26B1+33]\n\nlocal\\lib\\site-packages\\selenium\\webdriver\\support\\wait.py:101: TimeoutException"}, "start": 1706090964829, "stop": 1706090975333, "uuid": "c472f78b-f966-4de5-bec9-266f9fa11951", "historyId": "f3f803fdf071caa3fe530c16e2caedf4", "testCaseId": "f3f803fdf071caa3fe530c16e2caedf4", "fullName": "testCases.test_teams.TestTeam#test_perform_actions_team", "labels": [{"name": "feature", "value": "Inviting team members to already created teams"}, {"name": "feature", "value": "Verify that a team members are invited successfully"}, {"name": "parentSuite", "value": "testCases"}, {"name": "suite", "value": "test_teams"}, {"name": "subSuite", "value": "TestTeam"}, {"name": "host", "value": "DESKTOP-KARQK2V"}, {"name": "thread", "value": "3220-MainThread"}, {"name": "framework", "value": "pytest"}, {"name": "language", "value": "cpython3"}, {"name": "package", "value": "testCases.test_teams"}]}