{"name": "test_perform_actions_member", "status": "broken", "statusDetails": {"message": "selenium.common.exceptions.TimeoutException: Message: \nStacktrace:\n\tGetHandleVerifier [0x00007FF63F732142+3514994]\n\t(No symbol) [0x00007FF63F350CE2]\n\t(No symbol) [0x00007FF63F1F76AA]\n\t(No symbol) [0x00007FF63F241860]\n\t(No symbol) [0x00007FF63F24197C]\n\t(No symbol) [0x00007FF63F284EE7]\n\t(No symbol) [0x00007FF63F26602F]\n\t(No symbol) [0x00007FF63F2828F6]\n\t(No symbol) [0x00007FF63F265D93]\n\t(No symbol) [0x00007FF63F234BDC]\n\t(No symbol) [0x00007FF63F235C64]\n\tGetHandleVerifier [0x00007FF63F75E16B+3695259]\n\tGetHandleVerifier [0x00007FF63F7B6737+4057191]\n\tGetHandleVerifier [0x00007FF63F7AE4E3+4023827]\n\tGetHandleVerifier [0x00007FF63F4804F9+689705]\n\t(No symbol) [0x00007FF63F35C048]\n\t(No symbol) [0x00007FF63F358044]\n\t(No symbol) [0x00007FF63F3581C9]\n\t(No symbol) [0x00007FF63F3488C4]\n\tBaseThreadInitThunk [0x00007FFAF31D7344+20]\n\tRtlUserThreadStart [0x00007FFAF42A26B1+33]", "trace": "self = <testCases.test_teams.TestTeam object at 0x0000022C9D40EB00>, setup = <selenium.webdriver.chrome.webdriver.WebDriver (session=\"ad364a74492e95b72a629ef887a2a3b1\")>\n\n    def test_perform_actions_member(self, setup):\n        self.driver = setup\n        self.tp = TeamPage(self.driver)\n        time.sleep(3)\n        self.tp.click_member_subheading()\n        time.sleep(3)\n        self.tp.click_menu_member()\n        self.logger.info(\"__Clicked three dot menu.\")\n    \n        self.tp.click_assign_team()\n        self.logger.info(\"__Clicked on assign team.\")\n    \n        self.tp.select_team_to_assign()\n        self.logger.info(\"__Selected team to assign\")\n    \n        self.tp.click_submit_assign_team()\n        self.logger.info(\"__Submit.\")\n    \n        time.sleep(3)\n        self.tp.click_menu_member()\n        self.logger.info(\"__Clicked three dot menu.\")\n    \n        self.tp.click_assign_number()\n        self.logger.info(\"__Clicked assign number.\")\n    \n        self.tp.click_number_from_list()\n        self.logger.info(\"__Selected number from the list.\")\n    \n        self.tp.click_submit_assign_number()\n        self.logger.info(\"__Submit.\")\n    \n        time.sleep(3)\n        self.tp.click_menu_member()\n        self.logger.info(\"__Clicked three dot menu.\")\n    \n        self.tp.click_unassign()\n        self.logger.info(\"__Click unassign number.\")\n    \n        self.tp.click_unassign_submit()\n        self.logger.info(\"__Submit.\")\n    \n        time.sleep(3)\n        self.tp.click_menu_member()\n        self.logger.info(\"__Clicked three dot menu.\")\n    \n        time.sleep(3)\n        self.tp.click_edit_member()\n        self.logger.info(\"__Clicked edit member.\")\n    \n        self.tp.change_member_name(self.random_name)\n        self.logger.info(\"__Clicked three dot menu.\")\n    \n>       self.tp.click_submit_edit_member()\n\ntestCases\\test_teams.py:238: \n_ _ _ _ _ _ _ _ _ _ _ _ _ _ _ _ _ _ _ _ _ _ _ _ _ _ _ _ _ _ _ _ _ _ _ _ _ _ _ _ _ _ _ _ _ _ _ _ _ _ _ _ _ _ _ _ _ _ _ _ _ _ _ _ _ _ _ _ _ _ _ _ _ _ _ _ _ _ _ _ _ _ _ _ _ _ _ _ _ _ _ _ _ _ _ _ _ _ _ _ _ _ _ _ _ _ _ _ _ _ _ _ _\npageObjects\\teams_page.py:224: in click_submit_edit_member\n    self.click_element('CSS_SELECTOR', self.tpl.submit_edit_member_css)\npageObjects\\base_page.py:57: in click_element\n    element = WebDriverWait(self.driver, timeout).until(\n_ _ _ _ _ _ _ _ _ _ _ _ _ _ _ _ _ _ _ _ _ _ _ _ _ _ _ _ _ _ _ _ _ _ _ _ _ _ _ _ _ _ _ _ _ _ _ _ _ _ _ _ _ _ _ _ _ _ _ _ _ _ _ _ _ _ _ _ _ _ _ _ _ _ _ _ _ _ _ _ _ _ _ _ _ _ _ _ _ _ _ _ _ _ _ _ _ _ _ _ _ _ _ _ _ _ _ _ _ _ _ _ _\n\nself = <selenium.webdriver.support.wait.WebDriverWait (session=\"ad364a74492e95b72a629ef887a2a3b1\")>, method = <function element_to_be_clickable.<locals>._predicate at 0x0000022C9DC5F010>, message = ''\n\n    def until(self, method: Callable[[WebDriver], Union[Literal[False], T]], message: str = \"\") -> T:\n        \"\"\"Calls the method provided with the driver as an argument until the \\\n        return value does not evaluate to ``False``.\n    \n        :param method: callable(WebDriver)\n        :param message: optional message for :exc:`TimeoutException`\n        :returns: the result of the last call to `method`\n        :raises: :exc:`selenium.common.exceptions.TimeoutException` if timeout occurs\n        \"\"\"\n        screen = None\n        stacktrace = None\n    \n        end_time = time.monotonic() + self._timeout\n        while True:\n            try:\n                value = method(self._driver)\n                if value:\n                    return value\n            except self._ignored_exceptions as exc:\n                screen = getattr(exc, \"screen\", None)\n                stacktrace = getattr(exc, \"stacktrace\", None)\n            time.sleep(self._poll)\n            if time.monotonic() > end_time:\n                break\n>       raise TimeoutException(message, screen, stacktrace)\nE       selenium.common.exceptions.TimeoutException: Message: \nE       Stacktrace:\nE       \tGetHandleVerifier [0x00007FF63F732142+3514994]\nE       \t(No symbol) [0x00007FF63F350CE2]\nE       \t(No symbol) [0x00007FF63F1F76AA]\nE       \t(No symbol) [0x00007FF63F241860]\nE       \t(No symbol) [0x00007FF63F24197C]\nE       \t(No symbol) [0x00007FF63F284EE7]\nE       \t(No symbol) [0x00007FF63F26602F]\nE       \t(No symbol) [0x00007FF63F2828F6]\nE       \t(No symbol) [0x00007FF63F265D93]\nE       \t(No symbol) [0x00007FF63F234BDC]\nE       \t(No symbol) [0x00007FF63F235C64]\nE       \tGetHandleVerifier [0x00007FF63F75E16B+3695259]\nE       \tGetHandleVerifier [0x00007FF63F7B6737+4057191]\nE       \tGetHandleVerifier [0x00007FF63F7AE4E3+4023827]\nE       \tGetHandleVerifier [0x00007FF63F4804F9+689705]\nE       \t(No symbol) [0x00007FF63F35C048]\nE       \t(No symbol) [0x00007FF63F358044]\nE       \t(No symbol) [0x00007FF63F3581C9]\nE       \t(No symbol) [0x00007FF63F3488C4]\nE       \tBaseThreadInitThunk [0x00007FFAF31D7344+20]\nE       \tRtlUserThreadStart [0x00007FFAF42A26B1+33]\n\nlocal\\lib\\site-packages\\selenium\\webdriver\\support\\wait.py:101: TimeoutException"}, "attachments": [{"name": "log", "source": "dd82fe2b-06b3-4cd4-b4b5-aae8ecc91e19-attachment.txt", "type": "text/plain"}, {"name": "stdout", "source": "045c8942-ba17-4553-9466-d3e5b78ba595-attachment.txt", "type": "text/plain"}, {"name": "stderr", "source": "f105a5a3-f79d-4fda-9eb7-f3ff4a68d8ed-attachment.txt", "type": "text/plain"}], "start": 1705583072614, "stop": 1705583103899, "uuid": "8359d28f-5fef-4f7a-be5c-17b2d87915c6", "historyId": "6113b64d50a2f5206050cffa65eadaca", "testCaseId": "6113b64d50a2f5206050cffa65eadaca", "fullName": "testCases.test_teams.TestTeam#test_perform_actions_member", "labels": [{"name": "parentSuite", "value": "testCases"}, {"name": "suite", "value": "test_teams"}, {"name": "subSuite", "value": "TestTeam"}, {"name": "host", "value": "DESKTOP-KARQK2V"}, {"name": "thread", "value": "9116-MainThread"}, {"name": "framework", "value": "pytest"}, {"name": "language", "value": "cpython3"}, {"name": "package", "value": "testCases.test_teams"}]}